0 verbose cli /usr/bin/node /usr/bin/npm
1 info using npm@9.2.0
2 info using node@v18.19.1
3 timing npm:load:whichnode Completed in 1ms
4 timing config:load:defaults Completed in 3ms
5 timing config:load:file:/usr/share/nodejs/npm/npmrc Completed in 6ms
6 timing config:load:builtin Completed in 6ms
7 timing config:load:cli Completed in 5ms
8 timing config:load:env Completed in 0ms
9 timing config:load:project Completed in 2ms
10 timing config:load:file:/root/.npmrc Completed in 0ms
11 timing config:load:user Completed in 0ms
12 timing config:load:file:/etc/npmrc Completed in 2ms
13 timing config:load:global Completed in 2ms
14 timing config:load:setEnvs Completed in 1ms
15 timing config:load Completed in 21ms
16 timing npm:load:configload Completed in 22ms
17 timing npm:load:mkdirpcache Completed in 2ms
18 timing npm:load:mkdirplogs Completed in 0ms
19 verbose title npm install pm2
20 verbose argv "install" "--global" "pm2"
21 timing npm:load:setTitle Completed in 4ms
22 timing config:load:flatten Completed in 7ms
23 timing npm:load:display Completed in 10ms
24 verbose logfile logs-max:10 dir:/root/.npm/_logs/2024-11-16T02_20_06_476Z-
25 verbose logfile /root/.npm/_logs/2024-11-16T02_20_06_476Z-debug-0.log
26 timing npm:load:logFile Completed in 12ms
27 timing npm:load:timers Completed in 0ms
28 timing npm:load:configScope Completed in 1ms
29 timing npm:load Completed in 52ms
30 timing config:load:flatten Completed in 1ms
31 timing arborist:ctor Completed in 1ms
32 silly logfile done cleaning log files
33 timing idealTree:init Completed in 16ms
34 timing idealTree:userRequests Completed in 6ms
35 silly idealTree buildDeps
36 silly fetch manifest pm2@*
37 http fetch GET 200 https://registry.npmjs.org/pm2 200ms (cache miss)
38 silly placeDep ROOT pm2@5.4.3 OK for:  want: *
39 silly fetch manifest @pm2/agent@~2.0.0
40 silly fetch manifest @pm2/js-api@~0.8.0
41 silly fetch manifest @pm2/io@~6.0.1
42 silly fetch manifest @pm2/pm2-version-check@latest
43 silly fetch manifest async@~3.2.0
44 silly fetch manifest blessed@0.1.81
45 silly fetch manifest chalk@3.0.0
46 silly fetch manifest chokidar@^3.5.3
47 silly fetch manifest cli-tableau@^2.0.0
48 silly fetch manifest commander@2.15.1
49 silly fetch manifest croner@~4.1.92
50 silly fetch manifest dayjs@~1.11.5
51 silly fetch manifest debug@^4.3.1
52 silly fetch manifest enquirer@2.3.6
53 silly fetch manifest eventemitter2@5.0.1
54 silly fetch manifest fclone@1.0.11
55 silly fetch manifest mkdirp@1.0.4
56 silly fetch manifest needle@2.4.0
57 silly fetch manifest pidusage@~3.0
58 silly fetch manifest pm2-axon@~4.0.1
59 silly fetch manifest pm2-axon-rpc@~0.7.1
60 silly fetch manifest pm2-deploy@~1.0.2
61 silly fetch manifest pm2-multimeter@^0.1.2
62 silly fetch manifest promptly@^2
63 silly fetch manifest semver@^7.2
64 silly fetch manifest source-map-support@0.5.21
65 silly fetch manifest sprintf-js@1.1.2
66 silly fetch manifest vizion@~2.2.1
67 silly fetch manifest js-yaml@~4.1.0
68 silly fetch manifest pm2-sysmonit@^1.2.8
69 http fetch GET 200 https://registry.npmjs.org/@pm2%2fagent 138ms (cache miss)
70 http fetch GET 200 https://registry.npmjs.org/cli-tableau 464ms (cache miss)
71 http fetch GET 200 https://registry.npmjs.org/fclone 465ms (cache miss)
72 http fetch GET 200 https://registry.npmjs.org/pm2-axon 474ms (cache miss)
73 http fetch GET 200 https://registry.npmjs.org/pm2-multimeter 474ms (cache miss)
74 http fetch GET 200 https://registry.npmjs.org/pm2-axon-rpc 477ms (cache miss)
75 http fetch GET 200 https://registry.npmjs.org/@pm2%2fpm2-version-check 495ms (cache miss)
76 http fetch GET 200 https://registry.npmjs.org/sprintf-js 490ms (cache miss)
77 http fetch GET 200 https://registry.npmjs.org/promptly 495ms (cache miss)
78 http fetch GET 200 https://registry.npmjs.org/vizion 498ms (cache miss)
79 http fetch GET 200 https://registry.npmjs.org/pm2-deploy 514ms (cache miss)
80 http fetch GET 200 https://registry.npmjs.org/source-map-support 511ms (cache miss)
81 http fetch GET 200 https://registry.npmjs.org/blessed 549ms (cache miss)
82 http fetch GET 200 https://registry.npmjs.org/pm2-sysmonit 535ms (cache miss)
83 http fetch GET 200 https://registry.npmjs.org/eventemitter2 554ms (cache miss)
84 http fetch GET 200 https://registry.npmjs.org/enquirer 558ms (cache miss)
85 http fetch GET 200 https://registry.npmjs.org/chalk 565ms (cache miss)
86 http fetch GET 200 https://registry.npmjs.org/pidusage 562ms (cache miss)
87 http fetch GET 200 https://registry.npmjs.org/js-yaml 553ms (cache miss)
88 http fetch GET 200 https://registry.npmjs.org/semver 561ms (cache miss)
89 http fetch GET 200 https://registry.npmjs.org/async 584ms (cache miss)
90 http fetch GET 200 https://registry.npmjs.org/debug 582ms (cache miss)
91 http fetch GET 200 https://registry.npmjs.org/chokidar 598ms (cache miss)
92 http fetch GET 200 https://registry.npmjs.org/@pm2%2fjs-api 614ms (cache miss)
93 http fetch GET 200 https://registry.npmjs.org/commander 620ms (cache miss)
94 http fetch GET 200 https://registry.npmjs.org/@pm2%2fio 640ms (cache miss)
95 http fetch GET 200 https://registry.npmjs.org/dayjs 640ms (cache miss)
96 http fetch GET 200 https://registry.npmjs.org/croner 649ms (cache miss)
97 http fetch GET 200 https://registry.npmjs.org/mkdirp 826ms (cache miss)
98 http fetch GET 200 https://registry.npmjs.org/needle 832ms (cache miss)
99 timing idealTree:#root Completed in 1079ms
100 silly placeDep node_modules/pm2 @pm2/agent@2.0.4 OK for: pm2@5.4.3 want: ~2.0.0
101 silly placeDep node_modules/pm2 @pm2/io@6.0.1 OK for: pm2@5.4.3 want: ~6.0.1
102 silly placeDep node_modules/pm2 @pm2/js-api@0.8.0 OK for: pm2@5.4.3 want: ~0.8.0
103 silly placeDep node_modules/pm2 @pm2/pm2-version-check@1.0.4 OK for: pm2@5.4.3 want: latest
104 silly placeDep node_modules/pm2 async@3.2.6 OK for: pm2@5.4.3 want: ~3.2.0
105 silly placeDep node_modules/pm2 blessed@0.1.81 OK for: pm2@5.4.3 want: 0.1.81
106 silly placeDep node_modules/pm2 chalk@3.0.0 OK for: pm2@5.4.3 want: 3.0.0
107 silly placeDep node_modules/pm2 chokidar@3.6.0 OK for: pm2@5.4.3 want: ^3.5.3
108 silly placeDep node_modules/pm2 cli-tableau@2.0.1 OK for: pm2@5.4.3 want: ^2.0.0
109 silly placeDep node_modules/pm2 commander@2.15.1 OK for: pm2@5.4.3 want: 2.15.1
110 silly placeDep node_modules/pm2 croner@4.1.97 OK for: pm2@5.4.3 want: ~4.1.92
111 silly placeDep node_modules/pm2 dayjs@1.11.13 OK for: pm2@5.4.3 want: ~1.11.5
112 silly placeDep node_modules/pm2 debug@4.3.7 OK for: pm2@5.4.3 want: ^4.3.1
113 silly placeDep node_modules/pm2 enquirer@2.3.6 OK for: pm2@5.4.3 want: 2.3.6
114 silly placeDep node_modules/pm2 eventemitter2@5.0.1 OK for: pm2@5.4.3 want: 5.0.1
115 silly placeDep node_modules/pm2 fclone@1.0.11 OK for: pm2@5.4.3 want: 1.0.11
116 silly placeDep node_modules/pm2 js-yaml@4.1.0 OK for: pm2@5.4.3 want: ~4.1.0
117 silly placeDep node_modules/pm2 mkdirp@1.0.4 OK for: pm2@5.4.3 want: 1.0.4
118 silly placeDep node_modules/pm2 needle@2.4.0 OK for: pm2@5.4.3 want: 2.4.0
119 silly placeDep node_modules/pm2 pidusage@3.0.2 OK for: pm2@5.4.3 want: ~3.0
120 silly placeDep node_modules/pm2 pm2-axon@4.0.1 OK for: pm2@5.4.3 want: ~4.0.1
121 silly placeDep node_modules/pm2 pm2-axon-rpc@0.7.1 OK for: pm2@5.4.3 want: ~0.7.1
122 silly placeDep node_modules/pm2 pm2-deploy@1.0.2 OK for: pm2@5.4.3 want: ~1.0.2
123 silly placeDep node_modules/pm2 pm2-multimeter@0.1.2 OK for: pm2@5.4.3 want: ^0.1.2
124 silly placeDep node_modules/pm2 pm2-sysmonit@1.2.8 OK for: pm2@5.4.3 want: ^1.2.8
125 silly placeDep node_modules/pm2 promptly@2.2.0 OK for: pm2@5.4.3 want: ^2
126 silly placeDep node_modules/pm2 semver@7.6.3 OK for: pm2@5.4.3 want: ^7.2
127 silly placeDep node_modules/pm2 source-map-support@0.5.21 OK for: pm2@5.4.3 want: 0.5.21
128 silly placeDep node_modules/pm2 sprintf-js@1.1.2 OK for: pm2@5.4.3 want: 1.1.2
129 silly placeDep node_modules/pm2 vizion@2.2.1 OK for: pm2@5.4.3 want: ~2.2.1
130 silly fetch manifest ws@~7.5.10
131 silly fetch manifest dayjs@~1.8.24
132 silly fetch manifest semver@~7.5.0
133 silly fetch manifest nssocket@0.6.0
134 silly fetch manifest proxy-agent@~6.3.0
135 silly fetch manifest fast-json-patch@^3.0.0-1
136 silly fetch manifest async@~2.6.1
137 silly fetch manifest tslib@1.9.3
138 silly fetch manifest semver@~7.5.4
139 silly fetch manifest shimmer@^1.2.0
140 silly fetch manifest signal-exit@^3.0.3
141 silly fetch manifest eventemitter2@^6.3.1
142 silly fetch manifest require-in-the-middle@^5.0.0
143 silly fetch manifest async@^2.6.3
144 silly fetch manifest extrareqp2@^1.0.0
145 silly fetch manifest ws@^7.0.0
146 silly fetch manifest ansi-styles@^4.1.0
147 silly fetch manifest supports-color@^7.1.0
148 silly fetch manifest braces@~3.0.2
149 silly fetch manifest is-glob@~4.0.1
150 silly fetch manifest anymatch@~3.1.2
151 silly fetch manifest readdirp@~3.6.0
152 silly fetch manifest glob-parent@~5.1.2
153 silly fetch manifest is-binary-path@~2.1.0
154 silly fetch manifest normalize-path@~3.0.0
155 silly fetch manifest fsevents@~2.3.2
156 silly fetch manifest ms@^2.1.3
157 silly fetch manifest ansi-colors@^4.1.1
158 silly fetch manifest argparse@^2.0.1
159 silly fetch manifest debug@^3.2.6
160 silly fetch manifest iconv-lite@^0.4.4
161 silly fetch manifest sax@^1.2.4
162 silly fetch manifest safe-buffer@^5.2.1
163 silly fetch manifest amp@~0.3.1
164 silly fetch manifest amp-message@~0.1.1
165 silly fetch manifest escape-string-regexp@^4.0.0
166 silly fetch manifest run-series@^1.1.8
167 silly fetch manifest tv4@^1.3.0
168 silly fetch manifest charm@~0.1.1
169 silly fetch manifest pidusage@^2.0.21
170 silly fetch manifest systeminformation@^5.7
171 silly fetch manifest tx2@~1.0.4
172 silly fetch manifest read@^1.0.4
173 silly fetch manifest buffer-from@^1.0.0
174 silly fetch manifest source-map@^0.6.0
175 silly fetch manifest git-node-fs@^1.0.0
176 silly fetch manifest ini@^1.3.5
177 silly fetch manifest js-git@^0.7.8
178 http fetch GET 200 https://registry.npmjs.org/fast-json-patch 138ms (cache miss)
179 http fetch GET 200 https://registry.npmjs.org/is-glob 417ms (cache miss)
180 http fetch GET 200 https://registry.npmjs.org/proxy-agent 451ms (cache miss)
181 http fetch GET 200 https://registry.npmjs.org/extrareqp2 440ms (cache miss)
182 http fetch GET 200 https://registry.npmjs.org/ms 431ms (cache miss)
183 http fetch GET 200 https://registry.npmjs.org/escape-string-regexp 426ms (cache miss)
184 http fetch GET 200 https://registry.npmjs.org/amp 430ms (cache miss)
185 http fetch GET 200 https://registry.npmjs.org/nssocket 465ms (cache miss)
186 http fetch GET 200 https://registry.npmjs.org/shimmer 465ms (cache miss)
187 http fetch GET 200 https://registry.npmjs.org/anymatch 444ms (cache miss)
188 http fetch GET 200 https://registry.npmjs.org/glob-parent 443ms (cache miss)
189 http fetch GET 200 https://registry.npmjs.org/amp-message 435ms (cache miss)
190 http fetch GET 200 https://registry.npmjs.org/safe-buffer 438ms (cache miss)
191 http fetch GET 200 https://registry.npmjs.org/is-binary-path 445ms (cache miss)
192 http fetch GET 200 https://registry.npmjs.org/require-in-the-middle 472ms (cache miss)
193 http fetch GET 200 https://registry.npmjs.org/normalize-path 452ms (cache miss)
194 http fetch GET 200 https://registry.npmjs.org/signal-exit 476ms (cache miss)
195 http fetch GET 200 https://registry.npmjs.org/run-series 446ms (cache miss)
196 http fetch GET 200 https://registry.npmjs.org/argparse 452ms (cache miss)
197 http fetch GET 200 https://registry.npmjs.org/read 444ms (cache miss)
198 http fetch GET 200 https://registry.npmjs.org/tx2 447ms (cache miss)
199 http fetch GET 200 https://registry.npmjs.org/tv4 451ms (cache miss)
200 http fetch GET 200 https://registry.npmjs.org/charm 452ms (cache miss)
201 http fetch GET 200 https://registry.npmjs.org/sax 458ms (cache miss)
202 http fetch GET 200 https://registry.npmjs.org/git-node-fs 450ms (cache miss)
203 http fetch GET 200 https://registry.npmjs.org/buffer-from 452ms (cache miss)
204 http fetch GET 200 https://registry.npmjs.org/braces 469ms (cache miss)
205 http fetch GET 200 https://registry.npmjs.org/iconv-lite 464ms (cache miss)
206 http fetch GET 200 https://registry.npmjs.org/readdirp 476ms (cache miss)
207 http fetch GET 200 https://registry.npmjs.org/js-git 458ms (cache miss)
208 http fetch GET 200 https://registry.npmjs.org/ini 458ms (cache miss)
209 http fetch GET 200 https://registry.npmjs.org/source-map 462ms (cache miss)
210 http fetch GET 200 https://registry.npmjs.org/ansi-styles 497ms (cache miss)
211 http fetch GET 200 https://registry.npmjs.org/fsevents 492ms (cache miss)
212 http fetch GET 200 https://registry.npmjs.org/ansi-colors 495ms (cache miss)
213 http fetch GET 200 https://registry.npmjs.org/supports-color 506ms (cache miss)
214 http fetch GET 200 https://registry.npmjs.org/ws 536ms (cache miss)
215 http fetch GET 200 https://registry.npmjs.org/ws 540ms (cache miss)
216 http fetch GET 200 https://registry.npmjs.org/systeminformation 538ms (cache miss)
217 http fetch GET 200 https://registry.npmjs.org/tslib 777ms (cache miss)
218 timing idealTree:node_modules/pm2 Completed in 867ms
219 silly fetch manifest bufferutil@^4.0.1
220 http fetch GET 200 https://registry.npmjs.org/bufferutil 649ms (cache miss)
221 silly fetch manifest utf-8-validate@^5.0.2
222 http fetch GET 200 https://registry.npmjs.org/utf-8-validate 806ms (cache miss)
223 silly placeDep node_modules/pm2/node_modules/@pm2/agent dayjs@1.8.36 OK for: @pm2/agent@2.0.4 want: ~1.8.24
224 silly placeDep node_modules/pm2 fast-json-patch@3.1.1 OK for: @pm2/agent@2.0.4 want: ^3.0.0-1
225 silly placeDep node_modules/pm2 nssocket@0.6.0 OK for: @pm2/agent@2.0.4 want: 0.6.0
226 silly placeDep node_modules/pm2 proxy-agent@6.3.1 OK for: @pm2/agent@2.0.4 want: ~6.3.0
227 silly placeDep node_modules/pm2/node_modules/@pm2/agent semver@7.5.4 OK for: @pm2/agent@2.0.4 want: ~7.5.0
228 silly placeDep node_modules/pm2 ws@7.5.10 OK for: @pm2/agent@2.0.4 want: ~7.5.10
229 silly fetch manifest eventemitter2@~0.4.14
230 silly fetch manifest lazy@~1.0.11
231 silly fetch manifest agent-base@^7.0.2
232 silly fetch manifest http-proxy-agent@^7.0.0
233 silly fetch manifest https-proxy-agent@^7.0.2
234 silly fetch manifest lru-cache@^7.14.1
235 silly fetch manifest pac-proxy-agent@^7.0.1
236 silly fetch manifest proxy-from-env@^1.1.0
237 silly fetch manifest socks-proxy-agent@^8.0.2
238 silly fetch manifest lru-cache@^6.0.0
239 http fetch GET 200 https://registry.npmjs.org/lazy 108ms (cache miss)
240 http fetch GET 200 https://registry.npmjs.org/agent-base 116ms (cache miss)
241 http fetch GET 200 https://registry.npmjs.org/pac-proxy-agent 120ms (cache miss)
242 http fetch GET 200 https://registry.npmjs.org/proxy-from-env 119ms (cache miss)
243 http fetch GET 200 https://registry.npmjs.org/http-proxy-agent 132ms (cache miss)
244 http fetch GET 200 https://registry.npmjs.org/https-proxy-agent 132ms (cache miss)
245 http fetch GET 200 https://registry.npmjs.org/socks-proxy-agent 131ms (cache miss)
246 http fetch GET 200 https://registry.npmjs.org/lru-cache 133ms (cache miss)
247 http fetch GET 200 https://registry.npmjs.org/lru-cache 144ms (cache miss)
248 timing idealTree:node_modules/pm2/node_modules/@pm2/agent Completed in 1645ms
249 silly placeDep node_modules/pm2/node_modules/@pm2/io async@2.6.4 OK for: @pm2/io@6.0.1 want: ~2.6.1
250 silly placeDep node_modules/pm2/node_modules/@pm2/io eventemitter2@6.4.9 OK for: @pm2/io@6.0.1 want: ^6.3.1
251 silly placeDep node_modules/pm2 require-in-the-middle@5.2.0 OK for: @pm2/io@6.0.1 want: ^5.0.0
252 silly placeDep node_modules/pm2/node_modules/@pm2/io semver@7.5.4 OK for: @pm2/io@6.0.1 want: ~7.5.4
253 silly placeDep node_modules/pm2 shimmer@1.2.1 OK for: @pm2/io@6.0.1 want: ^1.2.0
254 silly placeDep node_modules/pm2 signal-exit@3.0.7 OK for: @pm2/io@6.0.1 want: ^3.0.3
255 silly placeDep node_modules/pm2 tslib@1.9.3 OK for: @pm2/io@6.0.1 want: 1.9.3
256 silly fetch manifest lodash@^4.17.14
257 silly fetch manifest resolve@^1.22.1
258 silly fetch manifest module-details-from-path@^1.0.3
259 http fetch GET 200 https://registry.npmjs.org/module-details-from-path 45ms (cache miss)
260 http fetch GET 200 https://registry.npmjs.org/lodash 72ms (cache miss)
261 http fetch GET 200 https://registry.npmjs.org/resolve 77ms (cache miss)
262 timing idealTree:node_modules/pm2/node_modules/@pm2/io Completed in 99ms
263 silly placeDep node_modules/pm2/node_modules/@pm2/js-api async@2.6.4 OK for: @pm2/js-api@0.8.0 want: ^2.6.3
264 silly placeDep node_modules/pm2/node_modules/@pm2/js-api eventemitter2@6.4.9 OK for: @pm2/js-api@0.8.0 want: ^6.3.1
265 silly placeDep node_modules/pm2 extrareqp2@1.0.0 OK for: @pm2/js-api@0.8.0 want: ^1.0.0
266 silly fetch manifest follow-redirects@^1.14.0
267 http fetch GET 200 https://registry.npmjs.org/follow-redirects 71ms (cache miss)
268 timing idealTree:node_modules/pm2/node_modules/@pm2/js-api Completed in 82ms
269 timing idealTree:node_modules/pm2/node_modules/@pm2/pm2-version-check Completed in 0ms
270 timing idealTree:node_modules/pm2/node_modules/async Completed in 0ms
271 timing idealTree:node_modules/pm2/node_modules/blessed Completed in 0ms
272 silly placeDep node_modules/pm2 ansi-styles@4.3.0 OK for: chalk@3.0.0 want: ^4.1.0
273 silly placeDep node_modules/pm2 supports-color@7.2.0 OK for: chalk@3.0.0 want: ^7.1.0
274 silly fetch manifest color-convert@^2.0.1
275 silly fetch manifest has-flag@^4.0.0
276 http fetch GET 200 https://registry.npmjs.org/color-convert 70ms (cache miss)
277 http fetch GET 200 https://registry.npmjs.org/has-flag 76ms (cache miss)
278 timing idealTree:node_modules/pm2/node_modules/chalk Completed in 82ms
279 silly placeDep node_modules/pm2 color-convert@2.0.1 OK for: ansi-styles@4.3.0 want: ^2.0.1
280 silly fetch manifest color-name@~1.1.4
281 http fetch GET 200 https://registry.npmjs.org/color-name 64ms (cache miss)
282 timing idealTree:node_modules/pm2/node_modules/ansi-styles Completed in 68ms
283 silly placeDep node_modules/pm2 anymatch@3.1.3 OK for: chokidar@3.6.0 want: ~3.1.2
284 silly placeDep node_modules/pm2 braces@3.0.3 OK for: chokidar@3.6.0 want: ~3.0.2
285 silly placeDep node_modules/pm2 fsevents@2.3.3 OK for: chokidar@3.6.0 want: ~2.3.2
286 silly placeDep node_modules/pm2 glob-parent@5.1.2 OK for: chokidar@3.6.0 want: ~5.1.2
287 silly placeDep node_modules/pm2 is-binary-path@2.1.0 OK for: chokidar@3.6.0 want: ~2.1.0
288 silly placeDep node_modules/pm2 is-glob@4.0.3 OK for: chokidar@3.6.0 want: ~4.0.1
289 silly placeDep node_modules/pm2 normalize-path@3.0.0 OK for: chokidar@3.6.0 want: ~3.0.0
290 silly placeDep node_modules/pm2 readdirp@3.6.0 OK for: chokidar@3.6.0 want: ~3.6.0
291 silly fetch manifest picomatch@^2.0.4
292 silly fetch manifest fill-range@^7.1.1
293 silly fetch manifest binary-extensions@^2.0.0
294 silly fetch manifest is-extglob@^2.1.1
295 silly fetch manifest picomatch@^2.2.1
296 http fetch GET 200 https://registry.npmjs.org/is-extglob 49ms (cache miss)
297 http fetch GET 200 https://registry.npmjs.org/picomatch 61ms (cache miss)
298 http fetch GET 200 https://registry.npmjs.org/fill-range 65ms (cache miss)
299 http fetch GET 200 https://registry.npmjs.org/picomatch 68ms (cache miss)
300 http fetch GET 200 https://registry.npmjs.org/binary-extensions 69ms (cache miss)
301 timing idealTree:node_modules/pm2/node_modules/chokidar Completed in 106ms
302 silly placeDep node_modules/pm2 picomatch@2.3.1 OK for: anymatch@3.1.3 want: ^2.0.4
303 timing idealTree:node_modules/pm2/node_modules/anymatch Completed in 4ms
304 silly placeDep node_modules/pm2 fill-range@7.1.1 OK for: braces@3.0.3 want: ^7.1.1
305 silly fetch manifest to-regex-range@^5.0.1
306 http fetch GET 200 https://registry.npmjs.org/to-regex-range 111ms (cache miss)
307 timing idealTree:node_modules/pm2/node_modules/braces Completed in 115ms
308 timing idealTree:node_modules/pm2/node_modules/cli-tableau Completed in 0ms
309 silly placeDep node_modules/pm2 color-name@1.1.4 OK for: color-convert@2.0.1 want: ~1.1.4
310 timing idealTree:node_modules/pm2/node_modules/color-convert Completed in 3ms
311 timing idealTree:node_modules/pm2/node_modules/color-name Completed in 0ms
312 timing idealTree:node_modules/pm2/node_modules/commander Completed in 0ms
313 timing idealTree:node_modules/pm2/node_modules/croner Completed in 0ms
314 timing idealTree:node_modules/pm2/node_modules/dayjs Completed in 0ms
315 silly placeDep node_modules/pm2 ms@2.1.3 OK for: debug@4.3.7 want: ^2.1.3
316 timing idealTree:node_modules/pm2/node_modules/debug Completed in 4ms
317 silly placeDep node_modules/pm2 ansi-colors@4.1.3 OK for: enquirer@2.3.6 want: ^4.1.1
318 timing idealTree:node_modules/pm2/node_modules/enquirer Completed in 3ms
319 timing idealTree:node_modules/pm2/node_modules/ansi-colors Completed in 0ms
320 timing idealTree:node_modules/pm2/node_modules/eventemitter2 Completed in 0ms
321 silly placeDep node_modules/pm2 follow-redirects@1.15.9 OK for: extrareqp2@1.0.0 want: ^1.14.0
322 timing idealTree:node_modules/pm2/node_modules/extrareqp2 Completed in 3ms
323 timing idealTree:node_modules/pm2/node_modules/fast-json-patch Completed in 0ms
324 timing idealTree:node_modules/pm2/node_modules/fclone Completed in 0ms
325 silly placeDep node_modules/pm2 to-regex-range@5.0.1 OK for: fill-range@7.1.1 want: ^5.0.1
326 silly fetch manifest is-number@^7.0.0
327 http fetch GET 200 https://registry.npmjs.org/is-number 36ms (cache miss)
328 timing idealTree:node_modules/pm2/node_modules/fill-range Completed in 40ms
329 timing idealTree:node_modules/pm2/node_modules/follow-redirects Completed in 0ms
330 timing idealTree:node_modules/pm2/node_modules/fsevents Completed in 0ms
331 timing idealTree:node_modules/pm2/node_modules/glob-parent Completed in 0ms
332 silly placeDep node_modules/pm2 binary-extensions@2.3.0 OK for: is-binary-path@2.1.0 want: ^2.0.0
333 timing idealTree:node_modules/pm2/node_modules/is-binary-path Completed in 3ms
334 timing idealTree:node_modules/pm2/node_modules/binary-extensions Completed in 0ms
335 silly placeDep node_modules/pm2 is-extglob@2.1.1 OK for: is-glob@4.0.3 want: ^2.1.1
336 timing idealTree:node_modules/pm2/node_modules/is-glob Completed in 2ms
337 timing idealTree:node_modules/pm2/node_modules/is-extglob Completed in 0ms
338 silly placeDep node_modules/pm2 argparse@2.0.1 OK for: js-yaml@4.1.0 want: ^2.0.1
339 timing idealTree:node_modules/pm2/node_modules/js-yaml Completed in 2ms
340 timing idealTree:node_modules/pm2/node_modules/argparse Completed in 0ms
341 timing idealTree:node_modules/pm2/node_modules/mkdirp Completed in 0ms
342 timing idealTree:node_modules/pm2/node_modules/ms Completed in 0ms
343 silly placeDep node_modules/pm2/node_modules/needle debug@3.2.7 OK for: needle@2.4.0 want: ^3.2.6
344 silly placeDep node_modules/pm2 iconv-lite@0.4.24 OK for: needle@2.4.0 want: ^0.4.4
345 silly placeDep node_modules/pm2 sax@1.4.1 OK for: needle@2.4.0 want: ^1.2.4
346 silly fetch manifest safer-buffer@>= 2.1.2 < 3
347 http fetch GET 200 https://registry.npmjs.org/safer-buffer 40ms (cache miss)
348 timing idealTree:node_modules/pm2/node_modules/needle Completed in 47ms
349 silly placeDep node_modules/pm2 safer-buffer@2.1.2 OK for: iconv-lite@0.4.24 want: >= 2.1.2 < 3
350 timing idealTree:node_modules/pm2/node_modules/iconv-lite Completed in 3ms
351 timing idealTree:node_modules/pm2/node_modules/normalize-path Completed in 0ms
352 silly placeDep node_modules/pm2/node_modules/nssocket eventemitter2@0.4.14 OK for: nssocket@0.6.0 want: ~0.4.14
353 silly placeDep node_modules/pm2 lazy@1.0.11 OK for: nssocket@0.6.0 want: ~1.0.11
354 timing idealTree:node_modules/pm2/node_modules/nssocket Completed in 6ms
355 timing idealTree:node_modules/pm2/node_modules/lazy Completed in 0ms
356 timing idealTree:node_modules/pm2/node_modules/picomatch Completed in 0ms
357 silly placeDep node_modules/pm2 safe-buffer@5.2.1 OK for: pidusage@3.0.2 want: ^5.2.1
358 timing idealTree:node_modules/pm2/node_modules/pidusage Completed in 2ms
359 silly placeDep node_modules/pm2 amp@0.3.1 OK for: pm2-axon@4.0.1 want: ~0.3.1
360 silly placeDep node_modules/pm2 amp-message@0.1.2 OK for: pm2-axon@4.0.1 want: ~0.1.1
361 silly placeDep node_modules/pm2 escape-string-regexp@4.0.0 OK for: pm2-axon@4.0.1 want: ^4.0.0
362 timing idealTree:node_modules/pm2/node_modules/pm2-axon Completed in 4ms
363 timing idealTree:node_modules/pm2/node_modules/amp Completed in 0ms
364 timing idealTree:node_modules/pm2/node_modules/amp-message Completed in 0ms
365 timing idealTree:node_modules/pm2/node_modules/escape-string-regexp Completed in 0ms
366 timing idealTree:node_modules/pm2/node_modules/pm2-axon-rpc Completed in 0ms
367 silly placeDep node_modules/pm2 run-series@1.1.9 OK for: pm2-deploy@1.0.2 want: ^1.1.8
368 silly placeDep node_modules/pm2 tv4@1.3.0 OK for: pm2-deploy@1.0.2 want: ^1.3.0
369 timing idealTree:node_modules/pm2/node_modules/pm2-deploy Completed in 4ms
370 silly placeDep node_modules/pm2 charm@0.1.2 OK for: pm2-multimeter@0.1.2 want: ~0.1.1
371 timing idealTree:node_modules/pm2/node_modules/pm2-multimeter Completed in 2ms
372 timing idealTree:node_modules/pm2/node_modules/charm Completed in 0ms
373 silly placeDep node_modules/pm2/node_modules/pm2-sysmonit pidusage@2.0.21 OK for: pm2-sysmonit@1.2.8 want: ^2.0.21
374 silly placeDep node_modules/pm2 systeminformation@5.23.5 OK for: pm2-sysmonit@1.2.8 want: ^5.7
375 silly placeDep node_modules/pm2 tx2@1.0.5 OK for: pm2-sysmonit@1.2.8 want: ~1.0.4
376 silly fetch manifest json-stringify-safe@^5.0.1
377 http fetch GET 200 https://registry.npmjs.org/json-stringify-safe 43ms (cache miss)
378 timing idealTree:node_modules/pm2/node_modules/pm2-sysmonit Completed in 51ms
379 silly placeDep node_modules/pm2 read@1.0.7 OK for: promptly@2.2.0 want: ^1.0.4
380 silly fetch manifest mute-stream@~0.0.4
381 http fetch GET 200 https://registry.npmjs.org/mute-stream 39ms (cache miss)
382 timing idealTree:node_modules/pm2/node_modules/promptly Completed in 43ms
383 silly placeDep node_modules/pm2 agent-base@7.1.1 OK for: proxy-agent@6.3.1 want: ^7.0.2
384 silly placeDep node_modules/pm2 http-proxy-agent@7.0.2 OK for: proxy-agent@6.3.1 want: ^7.0.0
385 silly placeDep node_modules/pm2 https-proxy-agent@7.0.5 OK for: proxy-agent@6.3.1 want: ^7.0.2
386 silly placeDep node_modules/pm2 lru-cache@7.18.3 OK for: proxy-agent@6.3.1 want: ^7.14.1
387 silly placeDep node_modules/pm2 pac-proxy-agent@7.0.2 OK for: proxy-agent@6.3.1 want: ^7.0.1
388 silly placeDep node_modules/pm2 proxy-from-env@1.1.0 OK for: proxy-agent@6.3.1 want: ^1.1.0
389 silly placeDep node_modules/pm2 socks-proxy-agent@8.0.4 OK for: proxy-agent@6.3.1 want: ^8.0.2
390 silly fetch manifest @tootallnate/quickjs-emscripten@^0.23.0
391 silly fetch manifest get-uri@^6.0.1
392 silly fetch manifest pac-resolver@^7.0.1
393 silly fetch manifest socks@^2.8.3
394 http fetch GET 200 https://registry.npmjs.org/get-uri 50ms (cache miss)
395 http fetch GET 200 https://registry.npmjs.org/@tootallnate%2fquickjs-emscripten 74ms (cache miss)
396 http fetch GET 200 https://registry.npmjs.org/socks 71ms (cache miss)
397 http fetch GET 200 https://registry.npmjs.org/pac-resolver 79ms (cache miss)
398 timing idealTree:node_modules/pm2/node_modules/proxy-agent Completed in 105ms
399 timing idealTree:node_modules/pm2/node_modules/agent-base Completed in 0ms
400 timing idealTree:node_modules/pm2/node_modules/http-proxy-agent Completed in 0ms
401 timing idealTree:node_modules/pm2/node_modules/https-proxy-agent Completed in 0ms
402 timing idealTree:node_modules/pm2/node_modules/lru-cache Completed in 0ms
403 silly placeDep node_modules/pm2 @tootallnate/quickjs-emscripten@0.23.0 OK for: pac-proxy-agent@7.0.2 want: ^0.23.0
404 silly placeDep node_modules/pm2 get-uri@6.0.3 OK for: pac-proxy-agent@7.0.2 want: ^6.0.1
405 silly placeDep node_modules/pm2 pac-resolver@7.0.1 OK for: pac-proxy-agent@7.0.2 want: ^7.0.1
406 silly fetch manifest basic-ftp@^5.0.2
407 silly fetch manifest data-uri-to-buffer@^6.0.2
408 silly fetch manifest fs-extra@^11.2.0
409 silly fetch manifest degenerator@^5.0.0
410 silly fetch manifest netmask@^2.0.2
411 http fetch GET 200 https://registry.npmjs.org/netmask 72ms (cache miss)
412 http fetch GET 200 https://registry.npmjs.org/fs-extra 78ms (cache miss)
413 http fetch GET 200 https://registry.npmjs.org/basic-ftp 81ms (cache miss)
414 http fetch GET 200 https://registry.npmjs.org/data-uri-to-buffer 82ms (cache miss)
415 http fetch GET 200 https://registry.npmjs.org/degenerator 82ms (cache miss)
416 timing idealTree:node_modules/pm2/node_modules/pac-proxy-agent Completed in 95ms
417 timing idealTree:node_modules/pm2/node_modules/@tootallnate/quickjs-emscripten Completed in 0ms
418 silly placeDep node_modules/pm2 basic-ftp@5.0.5 OK for: get-uri@6.0.3 want: ^5.0.2
419 silly placeDep node_modules/pm2 data-uri-to-buffer@6.0.2 OK for: get-uri@6.0.3 want: ^6.0.2
420 silly placeDep node_modules/pm2 fs-extra@11.2.0 OK for: get-uri@6.0.3 want: ^11.2.0
421 silly fetch manifest jsonfile@^6.0.1
422 silly fetch manifest graceful-fs@^4.2.0
423 silly fetch manifest universalify@^2.0.0
424 http fetch GET 200 https://registry.npmjs.org/universalify 64ms (cache miss)
425 http fetch GET 200 https://registry.npmjs.org/graceful-fs 66ms (cache miss)
426 http fetch GET 200 https://registry.npmjs.org/jsonfile 69ms (cache miss)
427 timing idealTree:node_modules/pm2/node_modules/get-uri Completed in 80ms
428 timing idealTree:node_modules/pm2/node_modules/basic-ftp Completed in 1ms
429 timing idealTree:node_modules/pm2/node_modules/data-uri-to-buffer Completed in 0ms
430 silly placeDep node_modules/pm2 graceful-fs@4.2.11 OK for: fs-extra@11.2.0 want: ^4.2.0
431 silly placeDep node_modules/pm2 jsonfile@6.1.0 OK for: fs-extra@11.2.0 want: ^6.0.1
432 silly placeDep node_modules/pm2 universalify@2.0.1 OK for: fs-extra@11.2.0 want: ^2.0.0
433 timing idealTree:node_modules/pm2/node_modules/fs-extra Completed in 7ms
434 timing idealTree:node_modules/pm2/node_modules/graceful-fs Completed in 0ms
435 timing idealTree:node_modules/pm2/node_modules/jsonfile Completed in 0ms
436 silly placeDep node_modules/pm2 degenerator@5.0.1 OK for: pac-resolver@7.0.1 want: ^5.0.0
437 silly placeDep node_modules/pm2 netmask@2.0.2 OK for: pac-resolver@7.0.1 want: ^2.0.2
438 silly fetch manifest ast-types@^0.13.4
439 silly fetch manifest escodegen@^2.1.0
440 silly fetch manifest esprima@^4.0.1
441 http fetch GET 200 https://registry.npmjs.org/esprima 40ms (cache miss)
442 http fetch GET 200 https://registry.npmjs.org/escodegen 61ms (cache miss)
443 http fetch GET 200 https://registry.npmjs.org/ast-types 75ms (cache miss)
444 timing idealTree:node_modules/pm2/node_modules/pac-resolver Completed in 82ms
445 silly placeDep node_modules/pm2 ast-types@0.13.4 OK for: degenerator@5.0.1 want: ^0.13.4
446 silly placeDep node_modules/pm2 escodegen@2.1.0 OK for: degenerator@5.0.1 want: ^2.1.0
447 silly placeDep node_modules/pm2 esprima@4.0.1 OK for: degenerator@5.0.1 want: ^4.0.1
448 silly fetch manifest tslib@^2.0.1
449 silly fetch manifest estraverse@^5.2.0
450 silly fetch manifest esutils@^2.0.2
451 silly fetch manifest source-map@~0.6.1
452 http fetch GET 200 https://registry.npmjs.org/esutils 52ms (cache miss)
453 http fetch GET 200 https://registry.npmjs.org/estraverse 74ms (cache miss)
454 timing idealTree:node_modules/pm2/node_modules/degenerator Completed in 82ms
455 silly placeDep node_modules/pm2/node_modules/ast-types tslib@2.8.1 OK for: ast-types@0.13.4 want: ^2.0.1
456 timing idealTree:node_modules/pm2/node_modules/ast-types Completed in 4ms
457 silly placeDep node_modules/pm2 estraverse@5.3.0 OK for: escodegen@2.1.0 want: ^5.2.0
458 silly placeDep node_modules/pm2 esutils@2.0.3 OK for: escodegen@2.1.0 want: ^2.0.2
459 silly placeDep node_modules/pm2 source-map@0.6.1 OK for: escodegen@2.1.0 want: ~0.6.1
460 timing idealTree:node_modules/pm2/node_modules/escodegen Completed in 7ms
461 timing idealTree:node_modules/pm2/node_modules/esprima Completed in 0ms
462 timing idealTree:node_modules/pm2/node_modules/estraverse Completed in 0ms
463 timing idealTree:node_modules/pm2/node_modules/esutils Completed in 0ms
464 timing idealTree:node_modules/pm2/node_modules/netmask Completed in 0ms
465 timing idealTree:node_modules/pm2/node_modules/proxy-from-env Completed in 0ms
466 silly placeDep node_modules/pm2 mute-stream@0.0.8 OK for: read@1.0.7 want: ~0.0.4
467 timing idealTree:node_modules/pm2/node_modules/read Completed in 2ms
468 timing idealTree:node_modules/pm2/node_modules/mute-stream Completed in 0ms
469 timing idealTree:node_modules/pm2/node_modules/readdirp Completed in 0ms
470 silly placeDep node_modules/pm2 module-details-from-path@1.0.3 OK for: require-in-the-middle@5.2.0 want: ^1.0.3
471 silly placeDep node_modules/pm2 resolve@1.22.8 OK for: require-in-the-middle@5.2.0 want: ^1.22.1
472 silly fetch manifest is-core-module@^2.13.0
473 silly fetch manifest path-parse@^1.0.7
474 silly fetch manifest supports-preserve-symlinks-flag@^1.0.0
475 http fetch GET 200 https://registry.npmjs.org/supports-preserve-symlinks-flag 42ms (cache miss)
476 http fetch GET 200 https://registry.npmjs.org/path-parse 80ms (cache miss)
477 http fetch GET 200 https://registry.npmjs.org/is-core-module 85ms (cache miss)
478 timing idealTree:node_modules/pm2/node_modules/require-in-the-middle Completed in 91ms
479 timing idealTree:node_modules/pm2/node_modules/module-details-from-path Completed in 0ms
480 silly placeDep node_modules/pm2 is-core-module@2.15.1 OK for: resolve@1.22.8 want: ^2.13.0
481 silly placeDep node_modules/pm2 path-parse@1.0.7 OK for: resolve@1.22.8 want: ^1.0.7
482 silly placeDep node_modules/pm2 supports-preserve-symlinks-flag@1.0.0 OK for: resolve@1.22.8 want: ^1.0.0
483 silly fetch manifest hasown@^2.0.2
484 http fetch GET 200 https://registry.npmjs.org/hasown 52ms (cache miss)
485 timing idealTree:node_modules/pm2/node_modules/resolve Completed in 62ms
486 silly placeDep node_modules/pm2 hasown@2.0.2 OK for: is-core-module@2.15.1 want: ^2.0.2
487 silly fetch manifest function-bind@^1.1.2
488 http fetch GET 200 https://registry.npmjs.org/function-bind 49ms (cache miss)
489 timing idealTree:node_modules/pm2/node_modules/is-core-module Completed in 55ms
490 silly placeDep node_modules/pm2 function-bind@1.1.2 OK for: hasown@2.0.2 want: ^1.1.2
491 timing idealTree:node_modules/pm2/node_modules/hasown Completed in 2ms
492 timing idealTree:node_modules/pm2/node_modules/function-bind Completed in 0ms
493 timing idealTree:node_modules/pm2/node_modules/path-parse Completed in 0ms
494 timing idealTree:node_modules/pm2/node_modules/run-series Completed in 0ms
495 timing idealTree:node_modules/pm2/node_modules/safe-buffer Completed in 0ms
496 timing idealTree:node_modules/pm2/node_modules/safer-buffer Completed in 0ms
497 timing idealTree:node_modules/pm2/node_modules/sax Completed in 0ms
498 timing idealTree:node_modules/pm2/node_modules/semver Completed in 0ms
499 timing idealTree:node_modules/pm2/node_modules/shimmer Completed in 0ms
500 timing idealTree:node_modules/pm2/node_modules/signal-exit Completed in 0ms
501 silly placeDep node_modules/pm2 socks@2.8.3 OK for: socks-proxy-agent@8.0.4 want: ^2.8.3
502 silly fetch manifest ip-address@^9.0.5
503 silly fetch manifest smart-buffer@^4.2.0
504 http fetch GET 200 https://registry.npmjs.org/smart-buffer 68ms (cache miss)
505 http fetch GET 200 https://registry.npmjs.org/ip-address 85ms (cache miss)
506 timing idealTree:node_modules/pm2/node_modules/socks-proxy-agent Completed in 93ms
507 silly placeDep node_modules/pm2 ip-address@9.0.5 OK for: socks@2.8.3 want: ^9.0.5
508 silly placeDep node_modules/pm2 smart-buffer@4.2.0 OK for: socks@2.8.3 want: ^4.2.0
509 silly fetch manifest jsbn@1.1.0
510 silly fetch manifest sprintf-js@^1.1.3
511 http fetch GET 200 https://registry.npmjs.org/jsbn 56ms (cache miss)
512 timing idealTree:node_modules/pm2/node_modules/socks Completed in 65ms
513 silly placeDep node_modules/pm2 jsbn@1.1.0 OK for: ip-address@9.0.5 want: 1.1.0
514 silly placeDep node_modules/pm2/node_modules/ip-address sprintf-js@1.1.3 OK for: ip-address@9.0.5 want: ^1.1.3
515 timing idealTree:node_modules/pm2/node_modules/ip-address Completed in 9ms
516 timing idealTree:node_modules/pm2/node_modules/jsbn Completed in 0ms
517 timing idealTree:node_modules/pm2/node_modules/smart-buffer Completed in 0ms
518 timing idealTree:node_modules/pm2/node_modules/source-map Completed in 0ms
519 silly placeDep node_modules/pm2 buffer-from@1.1.2 OK for: source-map-support@0.5.21 want: ^1.0.0
520 timing idealTree:node_modules/pm2/node_modules/source-map-support Completed in 3ms
521 timing idealTree:node_modules/pm2/node_modules/buffer-from Completed in 0ms
522 timing idealTree:node_modules/pm2/node_modules/sprintf-js Completed in 0ms
523 silly placeDep node_modules/pm2 has-flag@4.0.0 OK for: supports-color@7.2.0 want: ^4.0.0
524 timing idealTree:node_modules/pm2/node_modules/supports-color Completed in 2ms
525 timing idealTree:node_modules/pm2/node_modules/has-flag Completed in 0ms
526 timing idealTree:node_modules/pm2/node_modules/supports-preserve-symlinks-flag Completed in 0ms
527 timing idealTree:node_modules/pm2/node_modules/systeminformation Completed in 0ms
528 silly placeDep node_modules/pm2 is-number@7.0.0 OK for: to-regex-range@5.0.1 want: ^7.0.0
529 timing idealTree:node_modules/pm2/node_modules/to-regex-range Completed in 4ms
530 timing idealTree:node_modules/pm2/node_modules/is-number Completed in 0ms
531 timing idealTree:node_modules/pm2/node_modules/tslib Completed in 0ms
532 timing idealTree:node_modules/pm2/node_modules/tv4 Completed in 0ms
533 silly placeDep node_modules/pm2 json-stringify-safe@5.0.1 OK for: tx2@1.0.5 want: ^5.0.1
534 timing idealTree:node_modules/pm2/node_modules/tx2 Completed in 3ms
535 timing idealTree:node_modules/pm2/node_modules/json-stringify-safe Completed in 0ms
536 timing idealTree:node_modules/pm2/node_modules/universalify Completed in 0ms
537 silly placeDep node_modules/pm2/node_modules/vizion async@2.6.4 OK for: vizion@2.2.1 want: ^2.6.3
538 silly placeDep node_modules/pm2 git-node-fs@1.0.0 OK for: vizion@2.2.1 want: ^1.0.0
539 silly placeDep node_modules/pm2 ini@1.3.8 OK for: vizion@2.2.1 want: ^1.3.5
540 silly placeDep node_modules/pm2 js-git@0.7.8 OK for: vizion@2.2.1 want: ^0.7.8
541 silly fetch manifest bodec@^0.1.0
542 silly fetch manifest culvert@^0.1.2
543 silly fetch manifest git-sha1@^0.1.2
544 silly fetch manifest pako@^0.2.5
545 http fetch GET 200 https://registry.npmjs.org/git-sha1 41ms (cache miss)
546 http fetch GET 200 https://registry.npmjs.org/culvert 65ms (cache miss)
547 http fetch GET 200 https://registry.npmjs.org/pako 64ms (cache miss)
548 http fetch GET 200 https://registry.npmjs.org/bodec 78ms (cache miss)
549 timing idealTree:node_modules/pm2/node_modules/vizion Completed in 89ms
550 timing idealTree:node_modules/pm2/node_modules/git-node-fs Completed in 0ms
551 timing idealTree:node_modules/pm2/node_modules/ini Completed in 0ms
552 silly placeDep node_modules/pm2 bodec@0.1.0 OK for: js-git@0.7.8 want: ^0.1.0
553 silly placeDep node_modules/pm2 culvert@0.1.2 OK for: js-git@0.7.8 want: ^0.1.2
554 silly placeDep node_modules/pm2 git-sha1@0.1.2 OK for: js-git@0.7.8 want: ^0.1.2
555 silly placeDep node_modules/pm2 pako@0.2.9 OK for: js-git@0.7.8 want: ^0.2.5
556 timing idealTree:node_modules/pm2/node_modules/js-git Completed in 13ms
557 timing idealTree:node_modules/pm2/node_modules/bodec Completed in 0ms
558 timing idealTree:node_modules/pm2/node_modules/culvert Completed in 0ms
559 timing idealTree:node_modules/pm2/node_modules/git-sha1 Completed in 0ms
560 timing idealTree:node_modules/pm2/node_modules/pako Completed in 0ms
561 timing idealTree:node_modules/pm2/node_modules/ws Completed in 0ms
562 timing idealTree:node_modules/pm2/node_modules/@pm2/agent/node_modules/dayjs Completed in 0ms
563 silly placeDep node_modules/pm2/node_modules/@pm2/agent lru-cache@6.0.0 OK for: semver@7.5.4 want: ^6.0.0
564 silly fetch manifest yallist@^4.0.0
565 http fetch GET 200 https://registry.npmjs.org/yallist 89ms (cache miss)
566 timing idealTree:node_modules/pm2/node_modules/@pm2/agent/node_modules/semver Completed in 91ms
567 silly placeDep node_modules/pm2 yallist@4.0.0 OK for: lru-cache@6.0.0 want: ^4.0.0
568 timing idealTree:node_modules/pm2/node_modules/@pm2/agent/node_modules/lru-cache Completed in 3ms
569 timing idealTree:node_modules/pm2/node_modules/yallist Completed in 0ms
570 silly placeDep node_modules/pm2 lodash@4.17.21 OK for: async@2.6.4 want: ^4.17.14
571 timing idealTree:node_modules/pm2/node_modules/@pm2/io/node_modules/async Completed in 4ms
572 timing idealTree:node_modules/pm2/node_modules/lodash Completed in 0ms
573 timing idealTree:node_modules/pm2/node_modules/@pm2/io/node_modules/eventemitter2 Completed in 0ms
574 silly placeDep node_modules/pm2/node_modules/@pm2/io lru-cache@6.0.0 OK for: semver@7.5.4 want: ^6.0.0
575 timing idealTree:node_modules/pm2/node_modules/@pm2/io/node_modules/semver Completed in 3ms
576 timing idealTree:node_modules/pm2/node_modules/@pm2/io/node_modules/lru-cache Completed in 0ms
577 timing idealTree:node_modules/pm2/node_modules/@pm2/js-api/node_modules/async Completed in 0ms
578 timing idealTree:node_modules/pm2/node_modules/@pm2/js-api/node_modules/eventemitter2 Completed in 0ms
579 timing idealTree:node_modules/pm2/node_modules/ast-types/node_modules/tslib Completed in 0ms
580 timing idealTree:node_modules/pm2/node_modules/ip-address/node_modules/sprintf-js Completed in 0ms
581 timing idealTree:node_modules/pm2/node_modules/needle/node_modules/debug Completed in 0ms
582 timing idealTree:node_modules/pm2/node_modules/nssocket/node_modules/eventemitter2 Completed in 0ms
583 timing idealTree:node_modules/pm2/node_modules/pm2-sysmonit/node_modules/pidusage Completed in 0ms
584 timing idealTree:node_modules/pm2/node_modules/vizion/node_modules/async Completed in 0ms
585 timing idealTree:buildDeps Completed in 5463ms
586 timing idealTree:fixDepFlags Completed in 3ms
587 timing idealTree Completed in 5490ms
588 timing reify:loadTrees Completed in 5492ms
589 timing reify:diffTrees Completed in 6ms
590 silly reify moves {}
591 timing reify:retireShallow Completed in 2ms
592 timing reify:createSparse Completed in 32ms
593 timing reify:loadBundles Completed in 0ms
594 verbose reify failed optional dependency /usr/local/lib/node_modules/pm2/node_modules/fsevents
595 silly reify mark deleted [ '/usr/local/lib/node_modules/pm2/node_modules/fsevents' ]
596 timing reifyNode:node_modules/pm2/node_modules/fsevents Completed in 17ms
597 silly tarball no local data for bodec@https://registry.npmjs.org/bodec/-/bodec-0.1.0.tgz. Extracting by manifest.
598 silly tarball no local data for js-git@https://registry.npmjs.org/js-git/-/js-git-0.7.8.tgz. Extracting by manifest.
599 silly tarball no local data for ini@https://registry.npmjs.org/ini/-/ini-1.3.8.tgz. Extracting by manifest.
600 silly tarball no local data for git-node-fs@https://registry.npmjs.org/git-node-fs/-/git-node-fs-1.0.0.tgz. Extracting by manifest.
601 silly tarball no local data for json-stringify-safe@https://registry.npmjs.org/json-stringify-safe/-/json-stringify-safe-5.0.1.tgz. Extracting by manifest.
602 silly tarball no local data for is-number@https://registry.npmjs.org/is-number/-/is-number-7.0.0.tgz. Extracting by manifest.
603 silly tarball no local data for has-flag@https://registry.npmjs.org/has-flag/-/has-flag-4.0.0.tgz. Extracting by manifest.
604 silly tarball no local data for buffer-from@https://registry.npmjs.org/buffer-from/-/buffer-from-1.1.2.tgz. Extracting by manifest.
605 silly tarball no local data for jsbn@https://registry.npmjs.org/jsbn/-/jsbn-1.1.0.tgz. Extracting by manifest.
606 silly tarball no local data for smart-buffer@https://registry.npmjs.org/smart-buffer/-/smart-buffer-4.2.0.tgz. Extracting by manifest.
607 silly tarball no local data for ip-address@https://registry.npmjs.org/ip-address/-/ip-address-9.0.5.tgz. Extracting by manifest.
608 silly tarball no local data for sprintf-js@https://registry.npmjs.org/sprintf-js/-/sprintf-js-1.1.3.tgz. Extracting by manifest.
609 silly tarball no local data for socks@https://registry.npmjs.org/socks/-/socks-2.8.3.tgz. Extracting by manifest.
610 silly tarball no local data for function-bind@https://registry.npmjs.org/function-bind/-/function-bind-1.1.2.tgz. Extracting by manifest.
611 silly tarball no local data for hasown@https://registry.npmjs.org/hasown/-/hasown-2.0.2.tgz. Extracting by manifest.
612 silly tarball no local data for supports-preserve-symlinks-flag@https://registry.npmjs.org/supports-preserve-symlinks-flag/-/supports-preserve-symlinks-flag-1.0.0.tgz. Extracting by manifest.
613 silly tarball no local data for path-parse@https://registry.npmjs.org/path-parse/-/path-parse-1.0.7.tgz. Extracting by manifest.
614 silly tarball no local data for is-core-module@https://registry.npmjs.org/is-core-module/-/is-core-module-2.15.1.tgz. Extracting by manifest.
615 silly tarball no local data for resolve@https://registry.npmjs.org/resolve/-/resolve-1.22.8.tgz. Extracting by manifest.
616 silly tarball no local data for module-details-from-path@https://registry.npmjs.org/module-details-from-path/-/module-details-from-path-1.0.3.tgz. Extracting by manifest.
617 silly tarball no local data for mute-stream@https://registry.npmjs.org/mute-stream/-/mute-stream-0.0.8.tgz. Extracting by manifest.
618 silly tarball no local data for source-map@https://registry.npmjs.org/source-map/-/source-map-0.6.1.tgz. Extracting by manifest.
619 silly tarball no local data for esutils@https://registry.npmjs.org/esutils/-/esutils-2.0.3.tgz. Extracting by manifest.
620 silly tarball no local data for estraverse@https://registry.npmjs.org/estraverse/-/estraverse-5.3.0.tgz. Extracting by manifest.
621 silly tarball no local data for esprima@https://registry.npmjs.org/esprima/-/esprima-4.0.1.tgz. Extracting by manifest.
622 silly tarball no local data for escodegen@https://registry.npmjs.org/escodegen/-/escodegen-2.1.0.tgz. Extracting by manifest.
623 silly tarball no local data for ast-types@https://registry.npmjs.org/ast-types/-/ast-types-0.13.4.tgz. Extracting by manifest.
624 silly tarball no local data for tslib@https://registry.npmjs.org/tslib/-/tslib-2.8.1.tgz. Extracting by manifest.
625 silly tarball no local data for netmask@https://registry.npmjs.org/netmask/-/netmask-2.0.2.tgz. Extracting by manifest.
626 silly tarball no local data for degenerator@https://registry.npmjs.org/degenerator/-/degenerator-5.0.1.tgz. Extracting by manifest.
627 silly tarball no local data for universalify@https://registry.npmjs.org/universalify/-/universalify-2.0.1.tgz. Extracting by manifest.
628 silly tarball no local data for jsonfile@https://registry.npmjs.org/jsonfile/-/jsonfile-6.1.0.tgz. Extracting by manifest.
629 silly tarball no local data for graceful-fs@https://registry.npmjs.org/graceful-fs/-/graceful-fs-4.2.11.tgz. Extracting by manifest.
630 silly tarball no local data for fs-extra@https://registry.npmjs.org/fs-extra/-/fs-extra-11.2.0.tgz. Extracting by manifest.
631 silly tarball no local data for data-uri-to-buffer@https://registry.npmjs.org/data-uri-to-buffer/-/data-uri-to-buffer-6.0.2.tgz. Extracting by manifest.
632 silly tarball no local data for basic-ftp@https://registry.npmjs.org/basic-ftp/-/basic-ftp-5.0.5.tgz. Extracting by manifest.
633 silly tarball no local data for pac-resolver@https://registry.npmjs.org/pac-resolver/-/pac-resolver-7.0.1.tgz. Extracting by manifest.
634 silly tarball no local data for get-uri@https://registry.npmjs.org/get-uri/-/get-uri-6.0.3.tgz. Extracting by manifest.
635 silly tarball no local data for @tootallnate/quickjs-emscripten@https://registry.npmjs.org/@tootallnate/quickjs-emscripten/-/quickjs-emscripten-0.23.0.tgz. Extracting by manifest.
636 silly tarball no local data for socks-proxy-agent@https://registry.npmjs.org/socks-proxy-agent/-/socks-proxy-agent-8.0.4.tgz. Extracting by manifest.
637 silly tarball no local data for proxy-from-env@https://registry.npmjs.org/proxy-from-env/-/proxy-from-env-1.1.0.tgz. Extracting by manifest.
638 silly tarball no local data for pac-proxy-agent@https://registry.npmjs.org/pac-proxy-agent/-/pac-proxy-agent-7.0.2.tgz. Extracting by manifest.
639 silly tarball no local data for lru-cache@https://registry.npmjs.org/lru-cache/-/lru-cache-7.18.3.tgz. Extracting by manifest.
640 silly tarball no local data for https-proxy-agent@https://registry.npmjs.org/https-proxy-agent/-/https-proxy-agent-7.0.5.tgz. Extracting by manifest.
641 silly tarball no local data for http-proxy-agent@https://registry.npmjs.org/http-proxy-agent/-/http-proxy-agent-7.0.2.tgz. Extracting by manifest.
642 silly tarball no local data for agent-base@https://registry.npmjs.org/agent-base/-/agent-base-7.1.1.tgz. Extracting by manifest.
643 silly tarball no local data for read@https://registry.npmjs.org/read/-/read-1.0.7.tgz. Extracting by manifest.
644 silly tarball no local data for tx2@https://registry.npmjs.org/tx2/-/tx2-1.0.5.tgz. Extracting by manifest.
645 silly tarball no local data for systeminformation@https://registry.npmjs.org/systeminformation/-/systeminformation-5.23.5.tgz. Extracting by manifest.
646 silly tarball no local data for charm@https://registry.npmjs.org/charm/-/charm-0.1.2.tgz. Extracting by manifest.
647 silly tarball no local data for tv4@https://registry.npmjs.org/tv4/-/tv4-1.3.0.tgz. Extracting by manifest.
648 silly tarball no local data for run-series@https://registry.npmjs.org/run-series/-/run-series-1.1.9.tgz. Extracting by manifest.
649 silly tarball no local data for escape-string-regexp@https://registry.npmjs.org/escape-string-regexp/-/escape-string-regexp-4.0.0.tgz. Extracting by manifest.
650 silly tarball no local data for amp-message@https://registry.npmjs.org/amp-message/-/amp-message-0.1.2.tgz. Extracting by manifest.
651 silly tarball no local data for amp@https://registry.npmjs.org/amp/-/amp-0.3.1.tgz. Extracting by manifest.
652 silly tarball no local data for safe-buffer@https://registry.npmjs.org/safe-buffer/-/safe-buffer-5.2.1.tgz. Extracting by manifest.
653 silly tarball no local data for lazy@https://registry.npmjs.org/lazy/-/lazy-1.0.11.tgz. Extracting by manifest.
654 silly tarball no local data for safer-buffer@https://registry.npmjs.org/safer-buffer/-/safer-buffer-2.1.2.tgz. Extracting by manifest.
655 silly tarball no local data for sax@https://registry.npmjs.org/sax/-/sax-1.4.1.tgz. Extracting by manifest.
656 silly tarball no local data for iconv-lite@https://registry.npmjs.org/iconv-lite/-/iconv-lite-0.4.24.tgz. Extracting by manifest.
657 silly tarball no local data for argparse@https://registry.npmjs.org/argparse/-/argparse-2.0.1.tgz. Extracting by manifest.
658 silly tarball no local data for is-extglob@https://registry.npmjs.org/is-extglob/-/is-extglob-2.1.1.tgz. Extracting by manifest.
659 silly tarball no local data for binary-extensions@https://registry.npmjs.org/binary-extensions/-/binary-extensions-2.3.0.tgz. Extracting by manifest.
660 silly tarball no local data for to-regex-range@https://registry.npmjs.org/to-regex-range/-/to-regex-range-5.0.1.tgz. Extracting by manifest.
661 silly tarball no local data for follow-redirects@https://registry.npmjs.org/follow-redirects/-/follow-redirects-1.15.9.tgz. Extracting by manifest.
662 silly tarball no local data for lodash@https://registry.npmjs.org/lodash/-/lodash-4.17.21.tgz. Extracting by manifest.
663 silly tarball no local data for yallist@https://registry.npmjs.org/yallist/-/yallist-4.0.0.tgz. Extracting by manifest.
664 silly tarball no local data for pako@https://registry.npmjs.org/pako/-/pako-0.2.9.tgz. Extracting by manifest.
665 silly tarball no local data for git-sha1@https://registry.npmjs.org/git-sha1/-/git-sha1-0.1.2.tgz. Extracting by manifest.
666 silly tarball no local data for ansi-colors@https://registry.npmjs.org/ansi-colors/-/ansi-colors-4.1.3.tgz. Extracting by manifest.
667 silly tarball no local data for ms@https://registry.npmjs.org/ms/-/ms-2.1.3.tgz. Extracting by manifest.
668 silly tarball no local data for color-name@https://registry.npmjs.org/color-name/-/color-name-1.1.4.tgz. Extracting by manifest.
669 silly tarball no local data for fill-range@https://registry.npmjs.org/fill-range/-/fill-range-7.1.1.tgz. Extracting by manifest.
670 silly tarball no local data for picomatch@https://registry.npmjs.org/picomatch/-/picomatch-2.3.1.tgz. Extracting by manifest.
671 silly tarball no local data for readdirp@https://registry.npmjs.org/readdirp/-/readdirp-3.6.0.tgz. Extracting by manifest.
672 silly tarball no local data for normalize-path@https://registry.npmjs.org/normalize-path/-/normalize-path-3.0.0.tgz. Extracting by manifest.
673 silly tarball no local data for is-glob@https://registry.npmjs.org/is-glob/-/is-glob-4.0.3.tgz. Extracting by manifest.
674 silly tarball no local data for is-binary-path@https://registry.npmjs.org/is-binary-path/-/is-binary-path-2.1.0.tgz. Extracting by manifest.
675 silly tarball no local data for glob-parent@https://registry.npmjs.org/glob-parent/-/glob-parent-5.1.2.tgz. Extracting by manifest.
676 silly tarball no local data for culvert@https://registry.npmjs.org/culvert/-/culvert-0.1.2.tgz. Extracting by manifest.
677 silly tarball no local data for braces@https://registry.npmjs.org/braces/-/braces-3.0.3.tgz. Extracting by manifest.
678 silly tarball no local data for anymatch@https://registry.npmjs.org/anymatch/-/anymatch-3.1.3.tgz. Extracting by manifest.
679 silly tarball no local data for color-convert@https://registry.npmjs.org/color-convert/-/color-convert-2.0.1.tgz. Extracting by manifest.
680 silly tarball no local data for supports-color@https://registry.npmjs.org/supports-color/-/supports-color-7.2.0.tgz. Extracting by manifest.
681 silly tarball no local data for ansi-styles@https://registry.npmjs.org/ansi-styles/-/ansi-styles-4.3.0.tgz. Extracting by manifest.
682 silly tarball no local data for extrareqp2@https://registry.npmjs.org/extrareqp2/-/extrareqp2-1.0.0.tgz. Extracting by manifest.
683 silly tarball no local data for tslib@https://registry.npmjs.org/tslib/-/tslib-1.9.3.tgz. Extracting by manifest.
684 silly tarball no local data for signal-exit@https://registry.npmjs.org/signal-exit/-/signal-exit-3.0.7.tgz. Extracting by manifest.
685 silly tarball no local data for shimmer@https://registry.npmjs.org/shimmer/-/shimmer-1.2.1.tgz. Extracting by manifest.
686 silly tarball no local data for require-in-the-middle@https://registry.npmjs.org/require-in-the-middle/-/require-in-the-middle-5.2.0.tgz. Extracting by manifest.
687 silly tarball no local data for ws@https://registry.npmjs.org/ws/-/ws-7.5.10.tgz. Extracting by manifest.
688 silly tarball no local data for proxy-agent@https://registry.npmjs.org/proxy-agent/-/proxy-agent-6.3.1.tgz. Extracting by manifest.
689 silly tarball no local data for nssocket@https://registry.npmjs.org/nssocket/-/nssocket-0.6.0.tgz. Extracting by manifest.
690 silly tarball no local data for eventemitter2@https://registry.npmjs.org/eventemitter2/-/eventemitter2-0.4.14.tgz. Extracting by manifest.
691 silly tarball no local data for fast-json-patch@https://registry.npmjs.org/fast-json-patch/-/fast-json-patch-3.1.1.tgz. Extracting by manifest.
692 silly tarball no local data for vizion@https://registry.npmjs.org/vizion/-/vizion-2.2.1.tgz. Extracting by manifest.
693 silly tarball no local data for async@https://registry.npmjs.org/async/-/async-2.6.4.tgz. Extracting by manifest.
694 silly tarball no local data for sprintf-js@https://registry.npmjs.org/sprintf-js/-/sprintf-js-1.1.2.tgz. Extracting by manifest.
695 silly tarball no local data for source-map-support@https://registry.npmjs.org/source-map-support/-/source-map-support-0.5.21.tgz. Extracting by manifest.
696 silly tarball no local data for semver@https://registry.npmjs.org/semver/-/semver-7.6.3.tgz. Extracting by manifest.
697 silly tarball no local data for promptly@https://registry.npmjs.org/promptly/-/promptly-2.2.0.tgz. Extracting by manifest.
698 silly tarball no local data for pm2-sysmonit@https://registry.npmjs.org/pm2-sysmonit/-/pm2-sysmonit-1.2.8.tgz. Extracting by manifest.
699 silly tarball no local data for pidusage@https://registry.npmjs.org/pidusage/-/pidusage-2.0.21.tgz. Extracting by manifest.
700 silly tarball no local data for pm2-multimeter@https://registry.npmjs.org/pm2-multimeter/-/pm2-multimeter-0.1.2.tgz. Extracting by manifest.
701 silly tarball no local data for pm2-deploy@https://registry.npmjs.org/pm2-deploy/-/pm2-deploy-1.0.2.tgz. Extracting by manifest.
702 silly tarball no local data for pm2-axon-rpc@https://registry.npmjs.org/pm2-axon-rpc/-/pm2-axon-rpc-0.7.1.tgz. Extracting by manifest.
703 silly tarball no local data for pm2-axon@https://registry.npmjs.org/pm2-axon/-/pm2-axon-4.0.1.tgz. Extracting by manifest.
704 silly tarball no local data for pidusage@https://registry.npmjs.org/pidusage/-/pidusage-3.0.2.tgz. Extracting by manifest.
705 silly tarball no local data for needle@https://registry.npmjs.org/needle/-/needle-2.4.0.tgz. Extracting by manifest.
706 silly tarball no local data for debug@https://registry.npmjs.org/debug/-/debug-3.2.7.tgz. Extracting by manifest.
707 silly tarball no local data for pm2@https://registry.npmjs.org/pm2/-/pm2-5.4.3.tgz. Extracting by manifest.
708 silly tarball no local data for mkdirp@https://registry.npmjs.org/mkdirp/-/mkdirp-1.0.4.tgz. Extracting by manifest.
709 silly tarball no local data for js-yaml@https://registry.npmjs.org/js-yaml/-/js-yaml-4.1.0.tgz. Extracting by manifest.
710 silly tarball no local data for fclone@https://registry.npmjs.org/fclone/-/fclone-1.0.11.tgz. Extracting by manifest.
711 silly tarball no local data for eventemitter2@https://registry.npmjs.org/eventemitter2/-/eventemitter2-5.0.1.tgz. Extracting by manifest.
712 silly tarball no local data for enquirer@https://registry.npmjs.org/enquirer/-/enquirer-2.3.6.tgz. Extracting by manifest.
713 silly tarball no local data for debug@https://registry.npmjs.org/debug/-/debug-4.3.7.tgz. Extracting by manifest.
714 silly tarball no local data for dayjs@https://registry.npmjs.org/dayjs/-/dayjs-1.11.13.tgz. Extracting by manifest.
715 silly tarball no local data for croner@https://registry.npmjs.org/croner/-/croner-4.1.97.tgz. Extracting by manifest.
716 silly tarball no local data for commander@https://registry.npmjs.org/commander/-/commander-2.15.1.tgz. Extracting by manifest.
717 silly tarball no local data for cli-tableau@https://registry.npmjs.org/cli-tableau/-/cli-tableau-2.0.1.tgz. Extracting by manifest.
718 silly tarball no local data for chokidar@https://registry.npmjs.org/chokidar/-/chokidar-3.6.0.tgz. Extracting by manifest.
719 silly tarball no local data for chalk@https://registry.npmjs.org/chalk/-/chalk-3.0.0.tgz. Extracting by manifest.
720 silly tarball no local data for blessed@https://registry.npmjs.org/blessed/-/blessed-0.1.81.tgz. Extracting by manifest.
721 silly tarball no local data for async@https://registry.npmjs.org/async/-/async-3.2.6.tgz. Extracting by manifest.
722 silly tarball no local data for @pm2/pm2-version-check@https://registry.npmjs.org/@pm2/pm2-version-check/-/pm2-version-check-1.0.4.tgz. Extracting by manifest.
723 silly tarball no local data for @pm2/js-api@https://registry.npmjs.org/@pm2/js-api/-/js-api-0.8.0.tgz. Extracting by manifest.
724 silly tarball no local data for eventemitter2@https://registry.npmjs.org/eventemitter2/-/eventemitter2-6.4.9.tgz. Extracting by manifest.
725 silly tarball no local data for async@https://registry.npmjs.org/async/-/async-2.6.4.tgz. Extracting by manifest.
726 silly tarball no local data for @pm2/io@https://registry.npmjs.org/@pm2/io/-/io-6.0.1.tgz. Extracting by manifest.
727 silly tarball no local data for lru-cache@https://registry.npmjs.org/lru-cache/-/lru-cache-6.0.0.tgz. Extracting by manifest.
728 silly tarball no local data for semver@https://registry.npmjs.org/semver/-/semver-7.5.4.tgz. Extracting by manifest.
729 silly tarball no local data for eventemitter2@https://registry.npmjs.org/eventemitter2/-/eventemitter2-6.4.9.tgz. Extracting by manifest.
730 silly tarball no local data for async@https://registry.npmjs.org/async/-/async-2.6.4.tgz. Extracting by manifest.
731 silly tarball no local data for @pm2/agent@https://registry.npmjs.org/@pm2/agent/-/agent-2.0.4.tgz. Extracting by manifest.
732 silly tarball no local data for lru-cache@https://registry.npmjs.org/lru-cache/-/lru-cache-6.0.0.tgz. Extracting by manifest.
733 silly tarball no local data for semver@https://registry.npmjs.org/semver/-/semver-7.5.4.tgz. Extracting by manifest.
734 silly tarball no local data for dayjs@https://registry.npmjs.org/dayjs/-/dayjs-1.8.36.tgz. Extracting by manifest.
735 http fetch GET 200 https://registry.npmjs.org/ini/-/ini-1.3.8.tgz 1617ms (cache miss)
736 timing reifyNode:node_modules/pm2/node_modules/ini Completed in 1743ms
737 http fetch GET 200 https://registry.npmjs.org/bodec/-/bodec-0.1.0.tgz 1955ms (cache miss)
738 timing reifyNode:node_modules/pm2/node_modules/bodec Completed in 2075ms
739 http fetch GET 200 https://registry.npmjs.org/supports-preserve-symlinks-flag/-/supports-preserve-symlinks-flag-1.0.0.tgz 2040ms (cache miss)
740 http fetch GET 200 https://registry.npmjs.org/has-flag/-/has-flag-4.0.0.tgz 2096ms (cache miss)
741 timing reifyNode:node_modules/pm2/node_modules/has-flag Completed in 2228ms
742 http fetch GET 200 https://registry.npmjs.org/is-number/-/is-number-7.0.0.tgz 2100ms (cache miss)
743 timing reifyNode:node_modules/pm2/node_modules/is-number Completed in 2229ms
744 http fetch GET 200 https://registry.npmjs.org/git-node-fs/-/git-node-fs-1.0.0.tgz 2105ms (cache miss)
745 http fetch GET 200 https://registry.npmjs.org/hasown/-/hasown-2.0.2.tgz 2178ms (cache miss)
746 http fetch GET 200 https://registry.npmjs.org/path-parse/-/path-parse-1.0.7.tgz 2175ms (cache miss)
747 timing reifyNode:node_modules/pm2/node_modules/path-parse Completed in 2325ms
748 http fetch GET 200 https://registry.npmjs.org/estraverse/-/estraverse-5.3.0.tgz 2150ms (cache miss)
749 http fetch GET 200 https://registry.npmjs.org/get-uri/-/get-uri-6.0.3.tgz 2114ms (cache miss)
750 http fetch GET 200 https://registry.npmjs.org/jsbn/-/jsbn-1.1.0.tgz 2219ms (cache miss)
751 http fetch GET 200 https://registry.npmjs.org/json-stringify-safe/-/json-stringify-safe-5.0.1.tgz 2229ms (cache miss)
752 timing reifyNode:node_modules/pm2/node_modules/hasown Completed in 2359ms
753 timing reifyNode:node_modules/pm2/node_modules/estraverse Completed in 2361ms
754 http fetch GET 200 https://registry.npmjs.org/universalify/-/universalify-2.0.1.tgz 2176ms (cache miss)
755 timing reifyNode:node_modules/pm2/node_modules/universalify Completed in 2367ms
756 http fetch GET 200 https://registry.npmjs.org/charm/-/charm-0.1.2.tgz 2139ms (cache miss)
757 timing reifyNode:node_modules/pm2/node_modules/git-node-fs Completed in 2392ms
758 http fetch GET 200 https://registry.npmjs.org/buffer-from/-/buffer-from-1.1.2.tgz 2264ms (cache miss)
759 timing reifyNode:node_modules/pm2/node_modules/buffer-from Completed in 2398ms
760 http fetch GET 200 https://registry.npmjs.org/module-details-from-path/-/module-details-from-path-1.0.3.tgz 2248ms (cache miss)
761 timing reifyNode:node_modules/pm2/node_modules/module-details-from-path Completed in 2404ms
762 http fetch GET 200 https://registry.npmjs.org/mute-stream/-/mute-stream-0.0.8.tgz 2248ms (cache miss)
763 timing reifyNode:node_modules/pm2/node_modules/mute-stream Completed in 2406ms
764 timing reifyNode:node_modules/pm2/node_modules/json-stringify-safe Completed in 2408ms
765 http fetch GET 200 https://registry.npmjs.org/esutils/-/esutils-2.0.3.tgz 2234ms (cache miss)
766 http fetch GET 200 https://registry.npmjs.org/jsonfile/-/jsonfile-6.1.0.tgz 2218ms (cache miss)
767 timing reifyNode:node_modules/pm2/node_modules/jsonfile Completed in 2411ms
768 http fetch GET 200 https://registry.npmjs.org/escape-string-regexp/-/escape-string-regexp-4.0.0.tgz 2172ms (cache miss)
769 timing reifyNode:node_modules/pm2/node_modules/escape-string-regexp Completed in 2420ms
770 http fetch GET 200 https://registry.npmjs.org/amp/-/amp-0.3.1.tgz 2169ms (cache miss)
771 http fetch GET 200 https://registry.npmjs.org/graceful-fs/-/graceful-fs-4.2.11.tgz 2236ms (cache miss)
772 timing reifyNode:node_modules/pm2/node_modules/graceful-fs Completed in 2429ms
773 http fetch GET 200 https://registry.npmjs.org/socks-proxy-agent/-/socks-proxy-agent-8.0.4.tgz 2204ms (cache miss)
774 timing reifyNode:node_modules/pm2/node_modules/amp Completed in 2434ms
775 timing reifyNode:node_modules/pm2/node_modules/supports-preserve-symlinks-flag Completed in 2452ms
776 http fetch GET 200 https://registry.npmjs.org/read/-/read-1.0.7.tgz 2234ms (cache miss)
777 timing reifyNode:node_modules/pm2/node_modules/read Completed in 2474ms
778 http fetch GET 200 https://registry.npmjs.org/color-name/-/color-name-1.1.4.tgz 2118ms (cache miss)
779 timing reifyNode:node_modules/pm2/node_modules/color-name Completed in 2487ms
780 http fetch GET 200 https://registry.npmjs.org/sprintf-js/-/sprintf-js-1.1.3.tgz 2350ms (cache miss)
781 http fetch GET 200 https://registry.npmjs.org/is-core-module/-/is-core-module-2.15.1.tgz 2359ms (cache miss)
782 timing reifyNode:node_modules/pm2/node_modules/jsbn Completed in 2514ms
783 http fetch GET 200 https://registry.npmjs.org/is-binary-path/-/is-binary-path-2.1.0.tgz 2108ms (cache miss)
784 timing reifyNode:node_modules/pm2/node_modules/is-binary-path Completed in 2511ms
785 http fetch GET 200 https://registry.npmjs.org/safer-buffer/-/safer-buffer-2.1.2.tgz 2247ms (cache miss)
786 http fetch GET 200 https://registry.npmjs.org/sax/-/sax-1.4.1.tgz 2246ms (cache miss)
787 timing reifyNode:node_modules/pm2/node_modules/sax Completed in 2520ms
788 http fetch GET 200 https://registry.npmjs.org/safe-buffer/-/safe-buffer-5.2.1.tgz 2273ms (cache miss)
789 timing reifyNode:node_modules/pm2/node_modules/safe-buffer Completed in 2527ms
790 http fetch GET 200 https://registry.npmjs.org/pac-proxy-agent/-/pac-proxy-agent-7.0.2.tgz 2306ms (cache miss)
791 http fetch GET 200 https://registry.npmjs.org/fill-range/-/fill-range-7.1.1.tgz 2149ms (cache miss)
792 timing reifyNode:node_modules/pm2/node_modules/fill-range Completed in 2537ms
793 http fetch GET 200 https://registry.npmjs.org/tslib/-/tslib-1.9.3.tgz 2068ms (cache miss)
794 http fetch GET 200 https://registry.npmjs.org/ansi-styles/-/ansi-styles-4.3.0.tgz 2073ms (cache miss)
795 timing reifyNode:node_modules/pm2/node_modules/ansi-styles Completed in 2540ms
796 http fetch GET 200 https://registry.npmjs.org/color-convert/-/color-convert-2.0.1.tgz 2081ms (cache miss)
797 http fetch GET 200 https://registry.npmjs.org/require-in-the-middle/-/require-in-the-middle-5.2.0.tgz 2055ms (cache miss)
798 timing reifyNode:node_modules/pm2/node_modules/require-in-the-middle Completed in 2543ms
799 timing reifyNode:node_modules/pm2/node_modules/is-core-module Completed in 2551ms
800 http fetch GET 200 https://registry.npmjs.org/yallist/-/yallist-4.0.0.tgz 2249ms (cache miss)
801 timing reifyNode:node_modules/pm2/node_modules/yallist Completed in 2554ms
802 http fetch GET 200 https://registry.npmjs.org/follow-redirects/-/follow-redirects-1.15.9.tgz 2256ms (cache miss)
803 timing reifyNode:node_modules/pm2/node_modules/esutils Completed in 2556ms
804 http fetch GET 200 https://registry.npmjs.org/proxy-from-env/-/proxy-from-env-1.1.0.tgz 2334ms (cache miss)
805 timing reifyNode:node_modules/pm2/node_modules/proxy-from-env Completed in 2560ms
806 timing reifyNode:node_modules/pm2/node_modules/safer-buffer Completed in 2560ms
807 timing reifyNode:node_modules/pm2/node_modules/socks-proxy-agent Completed in 2584ms
808 http fetch GET 200 https://registry.npmjs.org/run-series/-/run-series-1.1.9.tgz 2341ms (cache miss)
809 timing reifyNode:node_modules/pm2/node_modules/run-series Completed in 2588ms
810 http fetch GET 200 https://registry.npmjs.org/https-proxy-agent/-/https-proxy-agent-7.0.5.tgz 2356ms (cache miss)
811 http fetch GET 200 https://registry.npmjs.org/normalize-path/-/normalize-path-3.0.0.tgz 2189ms (cache miss)
812 timing reifyNode:node_modules/pm2/node_modules/normalize-path Completed in 2590ms
813 http fetch GET 200 https://registry.npmjs.org/ms/-/ms-2.1.3.tgz 2236ms (cache miss)
814 timing reifyNode:node_modules/pm2/node_modules/ms Completed in 2590ms
815 http fetch GET 200 https://registry.npmjs.org/ansi-colors/-/ansi-colors-4.1.3.tgz 2248ms (cache miss)
816 timing reifyNode:node_modules/pm2/node_modules/ansi-colors Completed in 2591ms
817 http fetch GET 200 https://registry.npmjs.org/http-proxy-agent/-/http-proxy-agent-7.0.2.tgz 2362ms (cache miss)
818 http fetch GET 200 https://registry.npmjs.org/git-sha1/-/git-sha1-0.1.2.tgz 2301ms (cache miss)
819 timing reifyNode:node_modules/pm2/node_modules/git-sha1 Completed in 2609ms
820 http fetch GET 200 https://registry.npmjs.org/to-regex-range/-/to-regex-range-5.0.1.tgz 2322ms (cache miss)
821 timing reifyNode:node_modules/pm2/node_modules/to-regex-range Completed in 2615ms
822 timing reifyNode:node_modules/pm2/node_modules/follow-redirects Completed in 2615ms
823 http fetch GET 200 https://registry.npmjs.org/is-glob/-/is-glob-4.0.3.tgz 2217ms (cache miss)
824 timing reifyNode:node_modules/pm2/node_modules/is-glob Completed in 2618ms
825 http fetch GET 200 https://registry.npmjs.org/culvert/-/culvert-0.1.2.tgz 2202ms (cache miss)
826 timing reifyNode:node_modules/pm2/node_modules/culvert Completed in 2625ms
827 http fetch GET 200 https://registry.npmjs.org/anymatch/-/anymatch-3.1.3.tgz 2158ms (cache miss)
828 timing reifyNode:node_modules/pm2/node_modules/anymatch Completed in 2619ms
829 http fetch GET 200 https://registry.npmjs.org/amp-message/-/amp-message-0.1.2.tgz 2378ms (cache miss)
830 timing reifyNode:node_modules/pm2/node_modules/amp-message Completed in 2629ms
831 timing reifyNode:node_modules/pm2/node_modules/ip-address/node_modules/sprintf-js Completed in 2640ms
832 http fetch GET 200 https://registry.npmjs.org/function-bind/-/function-bind-1.1.2.tgz 2499ms (cache miss)
833 http fetch GET 200 https://registry.npmjs.org/pm2-deploy/-/pm2-deploy-1.0.2.tgz 2096ms (cache miss)
834 timing reifyNode:node_modules/pm2/node_modules/pm2-deploy Completed in 2641ms
835 timing reifyNode:node_modules/pm2/node_modules/color-convert Completed in 2642ms
836 http fetch GET 200 https://registry.npmjs.org/binary-extensions/-/binary-extensions-2.3.0.tgz 2356ms (cache miss)
837 timing reifyNode:node_modules/pm2/node_modules/binary-extensions Completed in 2645ms
838 http fetch GET 200 https://registry.npmjs.org/is-extglob/-/is-extglob-2.1.1.tgz 2364ms (cache miss)
839 timing reifyNode:node_modules/pm2/node_modules/is-extglob Completed in 2649ms
840 http fetch GET 200 https://registry.npmjs.org/lru-cache/-/lru-cache-6.0.0.tgz 2041ms (cache miss)
841 timing reifyNode:node_modules/pm2/node_modules/@pm2/io/node_modules/lru-cache Completed in 2643ms
842 http fetch GET 200 https://registry.npmjs.org/escodegen/-/escodegen-2.1.0.tgz 2472ms (cache miss)
843 timing reifyNode:node_modules/pm2/node_modules/escodegen Completed in 2652ms
844 http fetch GET 200 https://registry.npmjs.org/glob-parent/-/glob-parent-5.1.2.tgz 2247ms (cache miss)
845 timing reifyNode:node_modules/pm2/node_modules/glob-parent Completed in 2651ms
846 http fetch GET 200 https://registry.npmjs.org/netmask/-/netmask-2.0.2.tgz 2470ms (cache miss)
847 http fetch GET 200 https://registry.npmjs.org/sprintf-js/-/sprintf-js-1.1.2.tgz 2148ms (cache miss)
848 http fetch GET 200 https://registry.npmjs.org/proxy-agent/-/proxy-agent-6.3.1.tgz 2164ms (cache miss)
849 http fetch GET 200 https://registry.npmjs.org/eventemitter2/-/eventemitter2-0.4.14.tgz 2162ms (cache miss)
850 timing reifyNode:node_modules/pm2/node_modules/nssocket/node_modules/eventemitter2 Completed in 2663ms
851 timing reifyNode:node_modules/pm2/node_modules/pac-proxy-agent Completed in 2671ms
852 http fetch GET 200 https://registry.npmjs.org/readdirp/-/readdirp-3.6.0.tgz 2280ms (cache miss)
853 timing reifyNode:node_modules/pm2/node_modules/readdirp Completed in 2677ms
854 http fetch GET 200 https://registry.npmjs.org/pm2-axon/-/pm2-axon-4.0.1.tgz 2126ms (cache miss)
855 http fetch GET 200 https://registry.npmjs.org/promptly/-/promptly-2.2.0.tgz 2157ms (cache miss)
856 http fetch GET 200 https://registry.npmjs.org/pm2-axon-rpc/-/pm2-axon-rpc-0.7.1.tgz 2131ms (cache miss)
857 http fetch GET 200 https://registry.npmjs.org/shimmer/-/shimmer-1.2.1.tgz 2204ms (cache miss)
858 http fetch GET 200 https://registry.npmjs.org/eventemitter2/-/eventemitter2-5.0.1.tgz 2120ms (cache miss)
859 http fetch GET 200 https://registry.npmjs.org/mkdirp/-/mkdirp-1.0.4.tgz 2127ms (cache miss)
860 http fetch GET 200 https://registry.npmjs.org/fclone/-/fclone-1.0.11.tgz 2125ms (cache miss)
861 timing reifyNode:node_modules/pm2/node_modules/http-proxy-agent Completed in 2695ms
862 http fetch GET 200 https://registry.npmjs.org/chalk/-/chalk-3.0.0.tgz 2114ms (cache miss)
863 timing reifyNode:node_modules/pm2/node_modules/chalk Completed in 2693ms
864 http fetch GET 200 https://registry.npmjs.org/debug/-/debug-4.3.7.tgz 2126ms (cache miss)
865 timing reifyNode:node_modules/pm2/node_modules/debug Completed in 2698ms
866 http fetch GET 200 https://registry.npmjs.org/cli-tableau/-/cli-tableau-2.0.1.tgz 2122ms (cache miss)
867 timing reifyNode:node_modules/pm2/node_modules/cli-tableau Completed in 2697ms
868 http fetch GET 200 https://registry.npmjs.org/supports-color/-/supports-color-7.2.0.tgz 2236ms (cache miss)
869 timing reifyNode:node_modules/pm2/node_modules/supports-color Completed in 2701ms
870 timing reifyNode:node_modules/pm2/node_modules/pm2-axon-rpc Completed in 2703ms
871 http fetch GET 200 https://registry.npmjs.org/signal-exit/-/signal-exit-3.0.7.tgz 2231ms (cache miss)
872 timing reifyNode:node_modules/pm2/node_modules/signal-exit Completed in 2705ms
873 http fetch GET 200 https://registry.npmjs.org/@pm2/pm2-version-check/-/pm2-version-check-1.0.4.tgz 2115ms (cache miss)
874 timing reifyNode:node_modules/pm2/node_modules/@pm2/pm2-version-check Completed in 2707ms
875 timing reifyNode:node_modules/pm2/node_modules/netmask Completed in 2716ms
876 timing reifyNode:node_modules/pm2/node_modules/promptly Completed in 2714ms
877 http fetch GET 200 https://registry.npmjs.org/lru-cache/-/lru-cache-6.0.0.tgz 2104ms (cache miss)
878 timing reifyNode:node_modules/pm2/node_modules/@pm2/agent/node_modules/lru-cache Completed in 2715ms
879 http fetch GET 200 https://registry.npmjs.org/commander/-/commander-2.15.1.tgz 2155ms (cache miss)
880 timing reifyNode:node_modules/pm2/node_modules/function-bind Completed in 2746ms
881 http fetch GET 200 https://registry.npmjs.org/pidusage/-/pidusage-2.0.21.tgz 2200ms (cache miss)
882 http fetch GET 200 https://registry.npmjs.org/pm2-multimeter/-/pm2-multimeter-0.1.2.tgz 2198ms (cache miss)
883 timing reifyNode:node_modules/pm2/node_modules/shimmer Completed in 2746ms
884 http fetch GET 200 https://registry.npmjs.org/eventemitter2/-/eventemitter2-6.4.9.tgz 2138ms (cache miss)
885 timing reifyNode:node_modules/pm2/node_modules/eventemitter2 Completed in 2751ms
886 http fetch GET 200 https://registry.npmjs.org/pidusage/-/pidusage-3.0.2.tgz 2202ms (cache miss)
887 http fetch GET 200 https://registry.npmjs.org/debug/-/debug-3.2.7.tgz 2202ms (cache miss)
888 timing reifyNode:node_modules/pm2/node_modules/commander Completed in 2768ms
889 http fetch GET 200 https://registry.npmjs.org/source-map-support/-/source-map-support-0.5.21.tgz 2266ms (cache miss)
890 timing reifyNode:node_modules/pm2/node_modules/@pm2/io/node_modules/eventemitter2 Completed in 2780ms
891 http fetch GET 200 https://registry.npmjs.org/braces/-/braces-3.0.3.tgz 2328ms (cache miss)
892 timing reifyNode:node_modules/pm2/node_modules/proxy-agent Completed in 2795ms
893 http fetch GET 200 https://registry.npmjs.org/agent-base/-/agent-base-7.1.1.tgz 2566ms (cache miss)
894 timing reifyNode:node_modules/pm2/node_modules/charm Completed in 2803ms
895 http fetch GET 200 https://registry.npmjs.org/tslib/-/tslib-2.8.1.tgz 2629ms (cache miss)
896 http fetch GET 200 https://registry.npmjs.org/degenerator/-/degenerator-5.0.1.tgz 2625ms (cache miss)
897 timing reifyNode:node_modules/pm2/node_modules/https-proxy-agent Completed in 2819ms
898 http fetch GET 200 https://registry.npmjs.org/picomatch/-/picomatch-2.3.1.tgz 2428ms (cache miss)
899 timing reifyNode:node_modules/pm2/node_modules/source-map-support Completed in 2821ms
900 http fetch GET 200 https://registry.npmjs.org/eventemitter2/-/eventemitter2-6.4.9.tgz 2227ms (cache miss)
901 timing reifyNode:node_modules/pm2/node_modules/@pm2/js-api/node_modules/eventemitter2 Completed in 2822ms
902 timing reifyNode:node_modules/pm2/node_modules/braces Completed in 2826ms
903 timing reifyNode:node_modules/pm2/node_modules/needle/node_modules/debug Completed in 2829ms
904 timing reifyNode:node_modules/pm2/node_modules/mkdirp Completed in 2829ms
905 timing reifyNode:node_modules/pm2/node_modules/pm2-multimeter Completed in 2831ms
906 http fetch GET 200 https://registry.npmjs.org/pm2-sysmonit/-/pm2-sysmonit-1.2.8.tgz 2310ms (cache miss)
907 http fetch GET 200 https://registry.npmjs.org/tv4/-/tv4-1.3.0.tgz 2620ms (cache miss)
908 http fetch GET 200 https://registry.npmjs.org/data-uri-to-buffer/-/data-uri-to-buffer-6.0.2.tgz 2674ms (cache miss)
909 timing reifyNode:node_modules/pm2/node_modules/agent-base Completed in 2875ms
910 timing reifyNode:node_modules/pm2/node_modules/picomatch Completed in 2879ms
911 http fetch GET 200 https://registry.npmjs.org/argparse/-/argparse-2.0.1.tgz 2598ms (cache miss)
912 timing reifyNode:node_modules/pm2/node_modules/ast-types/node_modules/tslib Completed in 2888ms
913 timing reifyNode:node_modules/pm2/node_modules/degenerator Completed in 2888ms
914 timing reifyNode:node_modules/pm2/node_modules/sprintf-js Completed in 2893ms
915 timing reifyNode:node_modules/pm2/node_modules/pm2-sysmonit/node_modules/pidusage Completed in 2909ms
916 timing reifyNode:node_modules/pm2/node_modules/pm2-sysmonit Completed in 2909ms
917 timing reifyNode:node_modules/pm2/node_modules/pidusage Completed in 2915ms
918 timing reifyNode:node_modules/pm2/node_modules/tslib Completed in 2925ms
919 timing reifyNode:node_modules/pm2/node_modules/tv4 Completed in 2938ms
920 timing reifyNode:node_modules/pm2/node_modules/data-uri-to-buffer Completed in 2940ms
921 http fetch GET 200 https://registry.npmjs.org/lru-cache/-/lru-cache-7.18.3.tgz 2715ms (cache miss)
922 timing reifyNode:node_modules/pm2/node_modules/lru-cache Completed in 2946ms
923 http fetch GET 200 https://registry.npmjs.org/smart-buffer/-/smart-buffer-4.2.0.tgz 2818ms (cache miss)
924 timing reifyNode:node_modules/pm2/node_modules/fclone Completed in 2953ms
925 timing reifyNode:node_modules/pm2/node_modules/argparse Completed in 2957ms
926 http fetch GET 200 https://registry.npmjs.org/lazy/-/lazy-1.0.11.tgz 2731ms (cache miss)
927 timing reifyNode:node_modules/pm2/node_modules/smart-buffer Completed in 2995ms
928 http fetch GET 200 https://registry.npmjs.org/nssocket/-/nssocket-0.6.0.tgz 2507ms (cache miss)
929 http fetch GET 200 https://registry.npmjs.org/tx2/-/tx2-1.0.5.tgz 2785ms (cache miss)
930 http fetch GET 200 https://registry.npmjs.org/chokidar/-/chokidar-3.6.0.tgz 2460ms (cache miss)
931 timing reifyNode:node_modules/pm2/node_modules/chokidar Completed in 3037ms
932 timing reifyNode:node_modules/pm2/node_modules/lazy Completed in 3057ms
933 timing reifyNode:node_modules/pm2/node_modules/tx2 Completed in 3093ms
934 http fetch GET 200 https://registry.npmjs.org/ws/-/ws-7.5.10.tgz 2603ms (cache miss)
935 timing reifyNode:node_modules/pm2/node_modules/nssocket Completed in 3097ms
936 timing reifyNode:node_modules/pm2/node_modules/ws Completed in 3114ms
937 http fetch GET 200 https://registry.npmjs.org/esprima/-/esprima-4.0.1.tgz 3010ms (cache miss)
938 timing reifyNode:node_modules/pm2/node_modules/esprima Completed in 3189ms
939 timing reifyNode:node_modules/pm2/node_modules/pm2-axon Completed in 3188ms
940 http fetch GET 200 https://registry.npmjs.org/croner/-/croner-4.1.97.tgz 2633ms (cache miss)
941 timing reifyNode:node_modules/pm2/node_modules/get-uri Completed in 3213ms
942 timing reifyNode:node_modules/pm2/node_modules/croner Completed in 3228ms
943 http fetch GET 200 https://registry.npmjs.org/basic-ftp/-/basic-ftp-5.0.5.tgz 3034ms (cache miss)
944 timing reifyNode:node_modules/pm2/node_modules/basic-ftp Completed in 3260ms
945 http fetch GET 200 https://registry.npmjs.org/fast-json-patch/-/fast-json-patch-3.1.1.tgz 2798ms (cache miss)
946 timing reifyNode:node_modules/pm2/node_modules/fast-json-patch Completed in 3346ms
947 http fetch GET 200 https://registry.npmjs.org/fs-extra/-/fs-extra-11.2.0.tgz 3156ms (cache miss)
948 timing reifyNode:node_modules/pm2/node_modules/fs-extra Completed in 3381ms
949 http fetch GET 200 https://registry.npmjs.org/iconv-lite/-/iconv-lite-0.4.24.tgz 3145ms (cache miss)
950 timing reifyNode:node_modules/pm2/node_modules/iconv-lite Completed in 3459ms
951 http fetch GET 200 https://registry.npmjs.org/@pm2/agent/-/agent-2.0.4.tgz 3279ms (cache miss)
952 http fetch GET 200 https://registry.npmjs.org/vizion/-/vizion-2.2.1.tgz 3417ms (cache miss)
953 timing reifyNode:node_modules/pm2/node_modules/@pm2/agent Completed in 3952ms
954 timing reifyNode:node_modules/pm2/node_modules/vizion Completed in 3974ms
955 http fetch GET 200 https://registry.npmjs.org/semver/-/semver-7.6.3.tgz 3485ms (cache miss)
956 http fetch GET 200 https://registry.npmjs.org/socks/-/socks-2.8.3.tgz 3863ms (cache miss)
957 http fetch GET 200 https://registry.npmjs.org/needle/-/needle-2.4.0.tgz 3457ms (cache miss)
958 http fetch GET 200 https://registry.npmjs.org/ip-address/-/ip-address-9.0.5.tgz 3879ms (cache miss)
959 timing reifyNode:node_modules/pm2/node_modules/semver Completed in 4017ms
960 timing reifyNode:node_modules/pm2/node_modules/socks Completed in 4024ms
961 timing reifyNode:node_modules/pm2/node_modules/needle Completed in 4020ms
962 http fetch GET 200 https://registry.npmjs.org/pac-resolver/-/pac-resolver-7.0.1.tgz 3813ms (cache miss)
963 timing reifyNode:node_modules/pm2/node_modules/ip-address Completed in 4038ms
964 http fetch GET 200 https://registry.npmjs.org/semver/-/semver-7.5.4.tgz 3430ms (cache miss)
965 http fetch GET 200 https://registry.npmjs.org/semver/-/semver-7.5.4.tgz 3423ms (cache miss)
966 http fetch GET 200 https://registry.npmjs.org/enquirer/-/enquirer-2.3.6.tgz 3501ms (cache miss)
967 timing reifyNode:node_modules/pm2/node_modules/@pm2/io/node_modules/semver Completed in 4075ms
968 timing reifyNode:node_modules/pm2/node_modules/@pm2/agent/node_modules/semver Completed in 4079ms
969 timing reifyNode:node_modules/pm2/node_modules/pac-resolver Completed in 4087ms
970 timing reifyNode:node_modules/pm2/node_modules/enquirer Completed in 4096ms
971 http fetch GET 200 https://registry.npmjs.org/js-yaml/-/js-yaml-4.1.0.tgz 3548ms (cache miss)
972 timing reifyNode:node_modules/pm2/node_modules/js-yaml Completed in 4116ms
973 http fetch GET 200 https://registry.npmjs.org/extrareqp2/-/extrareqp2-1.0.0.tgz 3655ms (cache miss)
974 http fetch GET 200 https://registry.npmjs.org/source-map/-/source-map-0.6.1.tgz 3966ms (cache miss)
975 timing reifyNode:node_modules/pm2/node_modules/extrareqp2 Completed in 4140ms
976 timing reifyNode:node_modules/pm2/node_modules/source-map Completed in 4145ms
977 http fetch GET 200 https://registry.npmjs.org/js-git/-/js-git-0.7.8.tgz 4038ms (cache miss)
978 timing reifyNode:node_modules/pm2/node_modules/js-git Completed in 4183ms
979 http fetch GET 200 https://registry.npmjs.org/pako/-/pako-0.2.9.tgz 3883ms (cache miss)
980 timing reifyNode:node_modules/pm2/node_modules/pako Completed in 4199ms
981 http fetch GET 200 https://registry.npmjs.org/@pm2/js-api/-/js-api-0.8.0.tgz 3612ms (cache miss)
982 timing reifyNode:node_modules/pm2/node_modules/@pm2/js-api Completed in 4212ms
983 http fetch GET 200 https://registry.npmjs.org/ast-types/-/ast-types-0.13.4.tgz 4055ms (cache miss)
984 http fetch GET 200 https://registry.npmjs.org/systeminformation/-/systeminformation-5.23.5.tgz 3999ms (cache miss)
985 timing reifyNode:node_modules/pm2/node_modules/systeminformation Completed in 4242ms
986 timing reifyNode:node_modules/pm2/node_modules/ast-types Completed in 4247ms
987 http fetch GET 200 https://registry.npmjs.org/@pm2/io/-/io-6.0.1.tgz 3971ms (cache miss)
988 timing reifyNode:node_modules/pm2/node_modules/@pm2/io Completed in 4582ms
989 http fetch GET 200 https://registry.npmjs.org/async/-/async-2.6.4.tgz 4052ms (cache miss)
990 timing reifyNode:node_modules/pm2/node_modules/@pm2/io/node_modules/async Completed in 4659ms
991 http fetch GET 200 https://registry.npmjs.org/async/-/async-2.6.4.tgz 4072ms (cache miss)
992 http fetch GET 200 https://registry.npmjs.org/async/-/async-2.6.4.tgz 4166ms (cache miss)
993 timing reifyNode:node_modules/pm2/node_modules/vizion/node_modules/async Completed in 4673ms
994 timing reifyNode:node_modules/pm2/node_modules/@pm2/js-api/node_modules/async Completed in 4674ms
995 http fetch GET 200 https://registry.npmjs.org/resolve/-/resolve-1.22.8.tgz 4551ms (cache miss)
996 timing reifyNode:node_modules/pm2/node_modules/resolve Completed in 4711ms
997 http fetch GET 200 https://registry.npmjs.org/async/-/async-3.2.6.tgz 4126ms (cache miss)
998 timing reifyNode:node_modules/pm2/node_modules/async Completed in 4716ms
999 http fetch GET 200 https://registry.npmjs.org/@tootallnate/quickjs-emscripten/-/quickjs-emscripten-0.23.0.tgz 4552ms (cache miss)
1000 http fetch GET 200 https://registry.npmjs.org/blessed/-/blessed-0.1.81.tgz 4188ms (cache miss)
1001 timing reifyNode:node_modules/pm2/node_modules/blessed Completed in 4770ms
1002 timing reifyNode:node_modules/pm2/node_modules/@tootallnate/quickjs-emscripten Completed in 4779ms
1003 http fetch GET 200 https://registry.npmjs.org/pm2/-/pm2-5.4.3.tgz 4244ms (cache miss)
1004 timing reifyNode:node_modules/pm2 Completed in 4813ms
1005 http fetch GET 200 https://registry.npmjs.org/dayjs/-/dayjs-1.8.36.tgz 4656ms (cache miss)
1006 timing reifyNode:node_modules/pm2/node_modules/@pm2/agent/node_modules/dayjs Completed in 5274ms
1007 http fetch GET 200 https://registry.npmjs.org/dayjs/-/dayjs-1.11.13.tgz 4818ms (cache miss)
1008 timing reifyNode:node_modules/pm2/node_modules/dayjs Completed in 5392ms
1009 http fetch GET 200 https://registry.npmjs.org/lodash/-/lodash-4.17.21.tgz 5485ms (cache miss)
1010 timing reifyNode:node_modules/pm2/node_modules/lodash Completed in 5790ms
1011 timing reify:unpack Completed in 5791ms
1012 timing reify:unretire Completed in 0ms
1013 timing build:queue Completed in 9ms
1014 timing build:link:node_modules/pm2/node_modules/blessed Completed in 10ms
1015 timing build:link:node_modules/pm2/node_modules/@pm2/agent/node_modules/semver Completed in 8ms
1016 timing build:link:node_modules/pm2/node_modules/@pm2/io/node_modules/semver Completed in 8ms
1017 timing build:link:node_modules/pm2 Completed in 12ms
1018 timing build:link:node_modules/pm2/node_modules/escodegen Completed in 10ms
1019 timing build:link:node_modules/pm2/node_modules/esprima Completed in 10ms
1020 timing build:link:node_modules/pm2/node_modules/js-yaml Completed in 10ms
1021 timing build:link:node_modules/pm2/node_modules/mkdirp Completed in 10ms
1022 timing build:link:node_modules/pm2/node_modules/needle Completed in 9ms
1023 timing build:link:node_modules/pm2/node_modules/resolve Completed in 9ms
1024 timing build:link:node_modules/pm2/node_modules/semver Completed in 9ms
1025 timing build:link:node_modules/pm2/node_modules/systeminformation Completed in 8ms
1026 timing build:link Completed in 12ms
1027 timing build:deps Completed in 22ms
1028 timing build Completed in 22ms
1029 timing reify:build Completed in 24ms
1030 timing reify:trash Completed in 2ms
1031 timing reify Completed in 11370ms
1032 silly ADD node_modules/pm2
1033 silly ADD node_modules/pm2/node_modules/lodash
1034 silly ADD node_modules/pm2/node_modules/yallist
1035 silly ADD node_modules/pm2/node_modules/pako
1036 silly ADD node_modules/pm2/node_modules/git-sha1
1037 silly ADD node_modules/pm2/node_modules/culvert
1038 silly ADD node_modules/pm2/node_modules/bodec
1039 silly ADD node_modules/pm2/node_modules/js-git
1040 silly ADD node_modules/pm2/node_modules/ini
1041 silly ADD node_modules/pm2/node_modules/git-node-fs
1042 silly ADD node_modules/pm2/node_modules/json-stringify-safe
1043 silly ADD node_modules/pm2/node_modules/is-number
1044 silly ADD node_modules/pm2/node_modules/has-flag
1045 silly ADD node_modules/pm2/node_modules/buffer-from
1046 silly ADD node_modules/pm2/node_modules/jsbn
1047 silly ADD node_modules/pm2/node_modules/smart-buffer
1048 silly ADD node_modules/pm2/node_modules/ip-address
1049 silly ADD node_modules/pm2/node_modules/ip-address/node_modules/sprintf-js
1050 silly ADD node_modules/pm2/node_modules/socks
1051 silly ADD node_modules/pm2/node_modules/function-bind
1052 silly ADD node_modules/pm2/node_modules/hasown
1053 silly ADD node_modules/pm2/node_modules/supports-preserve-symlinks-flag
1054 silly ADD node_modules/pm2/node_modules/path-parse
1055 silly ADD node_modules/pm2/node_modules/is-core-module
1056 silly ADD node_modules/pm2/node_modules/resolve
1057 silly ADD node_modules/pm2/node_modules/module-details-from-path
1058 silly ADD node_modules/pm2/node_modules/mute-stream
1059 silly ADD node_modules/pm2/node_modules/source-map
1060 silly ADD node_modules/pm2/node_modules/esutils
1061 silly ADD node_modules/pm2/node_modules/estraverse
1062 silly ADD node_modules/pm2/node_modules/esprima
1063 silly ADD node_modules/pm2/node_modules/escodegen
1064 silly ADD node_modules/pm2/node_modules/ast-types
1065 silly ADD node_modules/pm2/node_modules/ast-types/node_modules/tslib
1066 silly ADD node_modules/pm2/node_modules/netmask
1067 silly ADD node_modules/pm2/node_modules/degenerator
1068 silly ADD node_modules/pm2/node_modules/universalify
1069 silly ADD node_modules/pm2/node_modules/jsonfile
1070 silly ADD node_modules/pm2/node_modules/graceful-fs
1071 silly ADD node_modules/pm2/node_modules/fs-extra
1072 silly ADD node_modules/pm2/node_modules/data-uri-to-buffer
1073 silly ADD node_modules/pm2/node_modules/basic-ftp
1074 silly ADD node_modules/pm2/node_modules/pac-resolver
1075 silly ADD node_modules/pm2/node_modules/get-uri
1076 silly ADD node_modules/pm2/node_modules/@tootallnate/quickjs-emscripten
1077 silly ADD node_modules/pm2/node_modules/socks-proxy-agent
1078 silly ADD node_modules/pm2/node_modules/proxy-from-env
1079 silly ADD node_modules/pm2/node_modules/pac-proxy-agent
1080 silly ADD node_modules/pm2/node_modules/lru-cache
1081 silly ADD node_modules/pm2/node_modules/https-proxy-agent
1082 silly ADD node_modules/pm2/node_modules/http-proxy-agent
1083 silly ADD node_modules/pm2/node_modules/agent-base
1084 silly ADD node_modules/pm2/node_modules/read
1085 silly ADD node_modules/pm2/node_modules/tx2
1086 silly ADD node_modules/pm2/node_modules/systeminformation
1087 silly ADD node_modules/pm2/node_modules/charm
1088 silly ADD node_modules/pm2/node_modules/tv4
1089 silly ADD node_modules/pm2/node_modules/run-series
1090 silly ADD node_modules/pm2/node_modules/escape-string-regexp
1091 silly ADD node_modules/pm2/node_modules/amp-message
1092 silly ADD node_modules/pm2/node_modules/amp
1093 silly ADD node_modules/pm2/node_modules/safe-buffer
1094 silly ADD node_modules/pm2/node_modules/lazy
1095 silly ADD node_modules/pm2/node_modules/safer-buffer
1096 silly ADD node_modules/pm2/node_modules/sax
1097 silly ADD node_modules/pm2/node_modules/iconv-lite
1098 silly ADD node_modules/pm2/node_modules/argparse
1099 silly ADD node_modules/pm2/node_modules/is-extglob
1100 silly ADD node_modules/pm2/node_modules/binary-extensions
1101 silly ADD node_modules/pm2/node_modules/to-regex-range
1102 silly ADD node_modules/pm2/node_modules/follow-redirects
1103 silly ADD node_modules/pm2/node_modules/ansi-colors
1104 silly ADD node_modules/pm2/node_modules/ms
1105 silly ADD node_modules/pm2/node_modules/color-name
1106 silly ADD node_modules/pm2/node_modules/fill-range
1107 silly ADD node_modules/pm2/node_modules/picomatch
1108 silly ADD node_modules/pm2/node_modules/readdirp
1109 silly ADD node_modules/pm2/node_modules/normalize-path
1110 silly ADD node_modules/pm2/node_modules/is-glob
1111 silly ADD node_modules/pm2/node_modules/is-binary-path
1112 silly ADD node_modules/pm2/node_modules/glob-parent
1113 silly ADD
1114 silly ADD node_modules/pm2/node_modules/braces
1115 silly ADD node_modules/pm2/node_modules/anymatch
1116 silly ADD node_modules/pm2/node_modules/color-convert
1117 silly ADD node_modules/pm2/node_modules/supports-color
1118 silly ADD node_modules/pm2/node_modules/ansi-styles
1119 silly ADD node_modules/pm2/node_modules/extrareqp2
1120 silly ADD node_modules/pm2/node_modules/tslib
1121 silly ADD node_modules/pm2/node_modules/signal-exit
1122 silly ADD node_modules/pm2/node_modules/shimmer
1123 silly ADD node_modules/pm2/node_modules/require-in-the-middle
1124 silly ADD node_modules/pm2/node_modules/ws
1125 silly ADD node_modules/pm2/node_modules/proxy-agent
1126 silly ADD node_modules/pm2/node_modules/nssocket
1127 silly ADD node_modules/pm2/node_modules/nssocket/node_modules/eventemitter2
1128 silly ADD node_modules/pm2/node_modules/fast-json-patch
1129 silly ADD node_modules/pm2/node_modules/vizion
1130 silly ADD node_modules/pm2/node_modules/vizion/node_modules/async
1131 silly ADD node_modules/pm2/node_modules/sprintf-js
1132 silly ADD node_modules/pm2/node_modules/source-map-support
1133 silly ADD node_modules/pm2/node_modules/semver
1134 silly ADD node_modules/pm2/node_modules/promptly
1135 silly ADD node_modules/pm2/node_modules/pm2-sysmonit
1136 silly ADD node_modules/pm2/node_modules/pm2-sysmonit/node_modules/pidusage
1137 silly ADD node_modules/pm2/node_modules/pm2-multimeter
1138 silly ADD node_modules/pm2/node_modules/pm2-deploy
1139 silly ADD node_modules/pm2/node_modules/pm2-axon-rpc
1140 silly ADD node_modules/pm2/node_modules/pm2-axon
1141 silly ADD node_modules/pm2/node_modules/pidusage
1142 silly ADD node_modules/pm2/node_modules/needle
1143 silly ADD node_modules/pm2/node_modules/needle/node_modules/debug
1144 silly ADD node_modules/pm2/node_modules/mkdirp
1145 silly ADD node_modules/pm2/node_modules/js-yaml
1146 silly ADD node_modules/pm2/node_modules/fclone
1147 silly ADD node_modules/pm2/node_modules/eventemitter2
1148 silly ADD node_modules/pm2/node_modules/enquirer
1149 silly ADD node_modules/pm2/node_modules/debug
1150 silly ADD node_modules/pm2/node_modules/dayjs
1151 silly ADD node_modules/pm2/node_modules/croner
1152 silly ADD node_modules/pm2/node_modules/commander
1153 silly ADD node_modules/pm2/node_modules/cli-tableau
1154 silly ADD node_modules/pm2/node_modules/chokidar
1155 silly ADD node_modules/pm2/node_modules/chalk
1156 silly ADD node_modules/pm2/node_modules/blessed
1157 silly ADD node_modules/pm2/node_modules/async
1158 silly ADD node_modules/pm2/node_modules/@pm2/pm2-version-check
1159 silly ADD node_modules/pm2/node_modules/@pm2/js-api
1160 silly ADD node_modules/pm2/node_modules/@pm2/js-api/node_modules/eventemitter2
1161 silly ADD node_modules/pm2/node_modules/@pm2/js-api/node_modules/async
1162 silly ADD node_modules/pm2/node_modules/@pm2/io
1163 silly ADD node_modules/pm2/node_modules/@pm2/io/node_modules/lru-cache
1164 silly ADD node_modules/pm2/node_modules/@pm2/io/node_modules/semver
1165 silly ADD node_modules/pm2/node_modules/@pm2/io/node_modules/eventemitter2
1166 silly ADD node_modules/pm2/node_modules/@pm2/io/node_modules/async
1167 silly ADD node_modules/pm2/node_modules/@pm2/agent
1168 silly ADD node_modules/pm2/node_modules/@pm2/agent/node_modules/lru-cache
1169 silly ADD node_modules/pm2/node_modules/@pm2/agent/node_modules/semver
1170 silly ADD node_modules/pm2/node_modules/@pm2/agent/node_modules/dayjs
1171 timing command:install Completed in 11384ms
1172 verbose exit 0
1173 timing npm Completed in 11453ms
1174 info ok
